This is pdfTeX, Version 3.14159265-2.6-1.40.18 (TeX Live 2017/Debian) (preloaded format=pdflatex 2019.3.23)  12 APR 2019 22:11
entering extended mode
 restricted \write18 enabled.
 %&-line parsing enabled.
**exemple.tex
(./exemple.tex
LaTeX2e <2017-04-15>
Babel <3.18> and hyphenation patterns for 84 language(s) loaded.
(/usr/share/texlive/texmf-dist/tex/latex/beamer/beamer.cls
Document Class: beamer 2018/02/20 v3.50 A class for typesetting presentations
(/usr/share/texlive/texmf-dist/tex/latex/beamer/beamerbasemodes.sty
(/usr/share/texlive/texmf-dist/tex/latex/etoolbox/etoolbox.sty
Package: etoolbox 2018/02/11 v2.5e e-TeX tools for LaTeX (JAW)
\etb@tempcnta=\count79
)
\beamer@tempbox=\box26
\beamer@tempcount=\count80
\c@beamerpauses=\count81

(/usr/share/texlive/texmf-dist/tex/latex/beamer/beamerbasedecode.sty
\beamer@slideinframe=\count82
\beamer@minimum=\count83
)
\beamer@commentbox=\box27
\beamer@modecount=\count84
)
(/usr/share/texlive/texmf-dist/tex/generic/oberdiek/ifpdf.sty
Package: ifpdf 2017/03/15 v3.2 Provides the ifpdf switch
)
\headdp=\dimen102
\footheight=\dimen103
\sidebarheight=\dimen104
\beamer@tempdim=\dimen105
\beamer@finalheight=\dimen106
\beamer@animht=\dimen107
\beamer@animdp=\dimen108
\beamer@animwd=\dimen109
\beamer@leftmargin=\dimen110
\beamer@rightmargin=\dimen111
\beamer@leftsidebar=\dimen112
\beamer@rightsidebar=\dimen113
\beamer@boxsize=\dimen114
\beamer@vboxoffset=\dimen115
\beamer@descdefault=\dimen116
\beamer@descriptionwidth=\dimen117
\beamer@lastskip=\skip41
\beamer@areabox=\box28
\beamer@animcurrent=\box29
\beamer@animshowbox=\box30
\beamer@sectionbox=\box31
\beamer@logobox=\box32
\beamer@linebox=\box33
\beamer@sectioncount=\count85
\beamer@subsubsectionmax=\count86
\beamer@subsectionmax=\count87
\beamer@sectionmax=\count88
\beamer@totalheads=\count89
\beamer@headcounter=\count90
\beamer@partstartpage=\count91
\beamer@sectionstartpage=\count92
\beamer@subsectionstartpage=\count93
\beamer@animationtempa=\count94
\beamer@animationtempb=\count95
\beamer@xpos=\count96
\beamer@ypos=\count97
\beamer@ypos@offset=\count98
\beamer@showpartnumber=\count99
\beamer@currentsubsection=\count100
\beamer@coveringdepth=\count101
\beamer@sectionadjust=\count102
\beamer@tocsectionnumber=\count103

(/usr/share/texlive/texmf-dist/tex/latex/beamer/beamerbaseoptions.sty
(/usr/share/texlive/texmf-dist/tex/latex/graphics/keyval.sty
Package: keyval 2014/10/28 v1.15 key=value parser (DPC)
\KV@toks@=\toks14
))
\beamer@paperwidth=\skip42
\beamer@paperheight=\skip43

(/usr/share/texlive/texmf-dist/tex/latex/geometry/geometry.sty
Package: geometry 2010/09/12 v5.6 Page Geometry

(/usr/share/texlive/texmf-dist/tex/generic/oberdiek/ifvtex.sty
Package: ifvtex 2016/05/16 v1.6 Detect VTeX and its facilities (HO)
Package ifvtex Info: VTeX not detected.
)
(/usr/share/texlive/texmf-dist/tex/generic/ifxetex/ifxetex.sty
Package: ifxetex 2010/09/12 v0.6 Provides ifxetex conditional
)
\Gm@cnth=\count104
\Gm@cntv=\count105
\c@Gm@tempcnt=\count106
\Gm@bindingoffset=\dimen118
\Gm@wd@mp=\dimen119
\Gm@odd@mp=\dimen120
\Gm@even@mp=\dimen121
\Gm@layoutwidth=\dimen122
\Gm@layoutheight=\dimen123
\Gm@layouthoffset=\dimen124
\Gm@layoutvoffset=\dimen125
\Gm@dimlist=\toks15
)
(/usr/share/texlive/texmf-dist/tex/latex/base/size11.clo
File: size11.clo 2014/09/29 v1.4h Standard LaTeX file (size option)
)
(/usr/share/texlive/texmf-dist/tex/latex/pgf/basiclayer/pgfcore.sty
(/usr/share/texlive/texmf-dist/tex/latex/graphics/graphicx.sty
Package: graphicx 2017/06/01 v1.1a Enhanced LaTeX Graphics (DPC,SPQR)

(/usr/share/texlive/texmf-dist/tex/latex/graphics/graphics.sty
Package: graphics 2017/06/25 v1.2c Standard LaTeX Graphics (DPC,SPQR)

(/usr/share/texlive/texmf-dist/tex/latex/graphics/trig.sty
Package: trig 2016/01/03 v1.10 sin cos tan (DPC)
)
(/usr/share/texlive/texmf-dist/tex/latex/graphics-cfg/graphics.cfg
File: graphics.cfg 2016/06/04 v1.11 sample graphics configuration
)
Package graphics Info: Driver file: pdftex.def on input line 99.

(/usr/share/texlive/texmf-dist/tex/latex/graphics-def/pdftex.def
File: pdftex.def 2018/01/08 v1.0l Graphics/color driver for pdftex
))
\Gin@req@height=\dimen126
\Gin@req@width=\dimen127
)
(/usr/share/texlive/texmf-dist/tex/latex/pgf/systemlayer/pgfsys.sty
(/usr/share/texlive/texmf-dist/tex/latex/pgf/utilities/pgfrcs.sty
(/usr/share/texlive/texmf-dist/tex/generic/pgf/utilities/pgfutil-common.tex
\pgfutil@everybye=\toks16
\pgfutil@tempdima=\dimen128
\pgfutil@tempdimb=\dimen129

(/usr/share/texlive/texmf-dist/tex/generic/pgf/utilities/pgfutil-common-lists.t
ex)) (/usr/share/texlive/texmf-dist/tex/generic/pgf/utilities/pgfutil-latex.def
\pgfutil@abb=\box34
(/usr/share/texlive/texmf-dist/tex/latex/ms/everyshi.sty
Package: everyshi 2001/05/15 v3.00 EveryShipout Package (MS)
))
(/usr/share/texlive/texmf-dist/tex/generic/pgf/utilities/pgfrcs.code.tex
Package: pgfrcs 2015/08/07 v3.0.1a (rcs-revision 1.31)
))
(/usr/share/texlive/texmf-dist/tex/generic/pgf/systemlayer/pgfsys.code.tex
Package: pgfsys 2014/07/09 v3.0.1a (rcs-revision 1.48)

(/usr/share/texlive/texmf-dist/tex/generic/pgf/utilities/pgfkeys.code.tex
\pgfkeys@pathtoks=\toks17
\pgfkeys@temptoks=\toks18

(/usr/share/texlive/texmf-dist/tex/generic/pgf/utilities/pgfkeysfiltered.code.t
ex
\pgfkeys@tmptoks=\toks19
))
\pgf@x=\dimen130
\pgf@y=\dimen131
\pgf@xa=\dimen132
\pgf@ya=\dimen133
\pgf@xb=\dimen134
\pgf@yb=\dimen135
\pgf@xc=\dimen136
\pgf@yc=\dimen137
\w@pgf@writea=\write3
\r@pgf@reada=\read1
\c@pgf@counta=\count107
\c@pgf@countb=\count108
\c@pgf@countc=\count109
\c@pgf@countd=\count110
\t@pgf@toka=\toks20
\t@pgf@tokb=\toks21
\t@pgf@tokc=\toks22
 (/usr/share/texlive/texmf-dist/tex/generic/pgf/systemlayer/pgf.cfg
File: pgf.cfg 2008/05/14  (rcs-revision 1.7)
)
Driver file for pgf: pgfsys-pdftex.def

(/usr/share/texlive/texmf-dist/tex/generic/pgf/systemlayer/pgfsys-pdftex.def
File: pgfsys-pdftex.def 2014/10/11  (rcs-revision 1.35)

(/usr/share/texlive/texmf-dist/tex/generic/pgf/systemlayer/pgfsys-common-pdf.de
f
File: pgfsys-common-pdf.def 2013/10/10  (rcs-revision 1.13)
)))
(/usr/share/texlive/texmf-dist/tex/generic/pgf/systemlayer/pgfsyssoftpath.code.
tex
File: pgfsyssoftpath.code.tex 2013/09/09  (rcs-revision 1.9)
\pgfsyssoftpath@smallbuffer@items=\count111
\pgfsyssoftpath@bigbuffer@items=\count112
)
(/usr/share/texlive/texmf-dist/tex/generic/pgf/systemlayer/pgfsysprotocol.code.
tex
File: pgfsysprotocol.code.tex 2006/10/16  (rcs-revision 1.4)
)) (/usr/share/texlive/texmf-dist/tex/latex/xcolor/xcolor.sty
Package: xcolor 2016/05/11 v2.12 LaTeX color extensions (UK)

(/usr/share/texlive/texmf-dist/tex/latex/graphics-cfg/color.cfg
File: color.cfg 2016/01/02 v1.6 sample color configuration
)
Package xcolor Info: Driver file: pdftex.def on input line 225.
Package xcolor Info: Model `cmy' substituted by `cmy0' on input line 1348.
Package xcolor Info: Model `hsb' substituted by `rgb' on input line 1352.
Package xcolor Info: Model `RGB' extended on input line 1364.
Package xcolor Info: Model `HTML' substituted by `rgb' on input line 1366.
Package xcolor Info: Model `Hsb' substituted by `hsb' on input line 1367.
Package xcolor Info: Model `tHsb' substituted by `hsb' on input line 1368.
Package xcolor Info: Model `HSB' substituted by `hsb' on input line 1369.
Package xcolor Info: Model `Gray' substituted by `gray' on input line 1370.
Package xcolor Info: Model `wave' substituted by `hsb' on input line 1371.
)
(/usr/share/texlive/texmf-dist/tex/generic/pgf/basiclayer/pgfcore.code.tex
Package: pgfcore 2010/04/11 v3.0.1a (rcs-revision 1.7)

(/usr/share/texlive/texmf-dist/tex/generic/pgf/math/pgfmath.code.tex
(/usr/share/texlive/texmf-dist/tex/generic/pgf/math/pgfmathcalc.code.tex
(/usr/share/texlive/texmf-dist/tex/generic/pgf/math/pgfmathutil.code.tex)
(/usr/share/texlive/texmf-dist/tex/generic/pgf/math/pgfmathparser.code.tex
\pgfmath@dimen=\dimen138
\pgfmath@count=\count113
\pgfmath@box=\box35
\pgfmath@toks=\toks23
\pgfmath@stack@operand=\toks24
\pgfmath@stack@operation=\toks25
)
(/usr/share/texlive/texmf-dist/tex/generic/pgf/math/pgfmathfunctions.code.tex
(/usr/share/texlive/texmf-dist/tex/generic/pgf/math/pgfmathfunctions.basic.code
.tex)
(/usr/share/texlive/texmf-dist/tex/generic/pgf/math/pgfmathfunctions.trigonomet
ric.code.tex)
(/usr/share/texlive/texmf-dist/tex/generic/pgf/math/pgfmathfunctions.random.cod
e.tex)
(/usr/share/texlive/texmf-dist/tex/generic/pgf/math/pgfmathfunctions.comparison
.code.tex)
(/usr/share/texlive/texmf-dist/tex/generic/pgf/math/pgfmathfunctions.base.code.
tex)
(/usr/share/texlive/texmf-dist/tex/generic/pgf/math/pgfmathfunctions.round.code
.tex)
(/usr/share/texlive/texmf-dist/tex/generic/pgf/math/pgfmathfunctions.misc.code.
tex)
(/usr/share/texlive/texmf-dist/tex/generic/pgf/math/pgfmathfunctions.integerari
thmetics.code.tex)))
(/usr/share/texlive/texmf-dist/tex/generic/pgf/math/pgfmathfloat.code.tex
\c@pgfmathroundto@lastzeros=\count114
))
(/usr/share/texlive/texmf-dist/tex/generic/pgf/basiclayer/pgfcorepoints.code.te
x
File: pgfcorepoints.code.tex 2013/10/07  (rcs-revision 1.27)
\pgf@picminx=\dimen139
\pgf@picmaxx=\dimen140
\pgf@picminy=\dimen141
\pgf@picmaxy=\dimen142
\pgf@pathminx=\dimen143
\pgf@pathmaxx=\dimen144
\pgf@pathminy=\dimen145
\pgf@pathmaxy=\dimen146
\pgf@xx=\dimen147
\pgf@xy=\dimen148
\pgf@yx=\dimen149
\pgf@yy=\dimen150
\pgf@zx=\dimen151
\pgf@zy=\dimen152
)
(/usr/share/texlive/texmf-dist/tex/generic/pgf/basiclayer/pgfcorepathconstruct.
code.tex
File: pgfcorepathconstruct.code.tex 2013/10/07  (rcs-revision 1.29)
\pgf@path@lastx=\dimen153
\pgf@path@lasty=\dimen154
)
(/usr/share/texlive/texmf-dist/tex/generic/pgf/basiclayer/pgfcorepathusage.code
.tex
File: pgfcorepathusage.code.tex 2014/11/02  (rcs-revision 1.24)
\pgf@shorten@end@additional=\dimen155
\pgf@shorten@start@additional=\dimen156
)
(/usr/share/texlive/texmf-dist/tex/generic/pgf/basiclayer/pgfcorescopes.code.te
x
File: pgfcorescopes.code.tex 2015/05/08  (rcs-revision 1.46)
\pgfpic=\box36
\pgf@hbox=\box37
\pgf@layerbox@main=\box38
\pgf@picture@serial@count=\count115
)
(/usr/share/texlive/texmf-dist/tex/generic/pgf/basiclayer/pgfcoregraphicstate.c
ode.tex
File: pgfcoregraphicstate.code.tex 2014/11/02  (rcs-revision 1.12)
\pgflinewidth=\dimen157
)
(/usr/share/texlive/texmf-dist/tex/generic/pgf/basiclayer/pgfcoretransformation
s.code.tex
File: pgfcoretransformations.code.tex 2015/08/07  (rcs-revision 1.20)
\pgf@pt@x=\dimen158
\pgf@pt@y=\dimen159
\pgf@pt@temp=\dimen160
)
(/usr/share/texlive/texmf-dist/tex/generic/pgf/basiclayer/pgfcorequick.code.tex
File: pgfcorequick.code.tex 2008/10/09  (rcs-revision 1.3)
)
(/usr/share/texlive/texmf-dist/tex/generic/pgf/basiclayer/pgfcoreobjects.code.t
ex
File: pgfcoreobjects.code.tex 2006/10/11  (rcs-revision 1.2)
)
(/usr/share/texlive/texmf-dist/tex/generic/pgf/basiclayer/pgfcorepathprocessing
.code.tex
File: pgfcorepathprocessing.code.tex 2013/09/09  (rcs-revision 1.9)
)
(/usr/share/texlive/texmf-dist/tex/generic/pgf/basiclayer/pgfcorearrows.code.te
x
File: pgfcorearrows.code.tex 2015/05/14  (rcs-revision 1.43)
\pgfarrowsep=\dimen161
)
(/usr/share/texlive/texmf-dist/tex/generic/pgf/basiclayer/pgfcoreshade.code.tex
File: pgfcoreshade.code.tex 2013/07/15  (rcs-revision 1.15)
\pgf@max=\dimen162
\pgf@sys@shading@range@num=\count116
)
(/usr/share/texlive/texmf-dist/tex/generic/pgf/basiclayer/pgfcoreimage.code.tex
File: pgfcoreimage.code.tex 2013/07/15  (rcs-revision 1.18)

(/usr/share/texlive/texmf-dist/tex/generic/pgf/basiclayer/pgfcoreexternal.code.
tex
File: pgfcoreexternal.code.tex 2014/07/09  (rcs-revision 1.21)
\pgfexternal@startupbox=\box39
))
(/usr/share/texlive/texmf-dist/tex/generic/pgf/basiclayer/pgfcorelayers.code.te
x
File: pgfcorelayers.code.tex 2013/07/18  (rcs-revision 1.7)
)
(/usr/share/texlive/texmf-dist/tex/generic/pgf/basiclayer/pgfcoretransparency.c
ode.tex
File: pgfcoretransparency.code.tex 2013/09/30  (rcs-revision 1.5)
)
(/usr/share/texlive/texmf-dist/tex/generic/pgf/basiclayer/pgfcorepatterns.code.
tex
File: pgfcorepatterns.code.tex 2013/11/07  (rcs-revision 1.5)
))) (/usr/share/texlive/texmf-dist/tex/latex/pgf/utilities/xxcolor.sty
Package: xxcolor 2003/10/24 ver 0.1
\XC@nummixins=\count117
\XC@countmixins=\count118
)
(/usr/share/texlive/texmf-dist/tex/generic/oberdiek/atbegshi.sty
Package: atbegshi 2016/06/09 v1.18 At begin shipout hook (HO)

(/usr/share/texlive/texmf-dist/tex/generic/oberdiek/infwarerr.sty
Package: infwarerr 2016/05/16 v1.4 Providing info/warning/error messages (HO)
)
(/usr/share/texlive/texmf-dist/tex/generic/oberdiek/ltxcmds.sty
Package: ltxcmds 2016/05/16 v1.23 LaTeX kernel commands for general use (HO)
))
(/usr/share/texlive/texmf-dist/tex/latex/hyperref/hyperref.sty
Package: hyperref 2018/02/06 v6.86b Hypertext links for LaTeX

(/usr/share/texlive/texmf-dist/tex/generic/oberdiek/hobsub-hyperref.sty
Package: hobsub-hyperref 2016/05/16 v1.14 Bundle oberdiek, subset hyperref (HO)


(/usr/share/texlive/texmf-dist/tex/generic/oberdiek/hobsub-generic.sty
Package: hobsub-generic 2016/05/16 v1.14 Bundle oberdiek, subset generic (HO)
Package: hobsub 2016/05/16 v1.14 Construct package bundles (HO)
Package hobsub Info: Skipping package `infwarerr' (already loaded).
Package hobsub Info: Skipping package `ltxcmds' (already loaded).
Package: ifluatex 2016/05/16 v1.4 Provides the ifluatex switch (HO)
Package ifluatex Info: LuaTeX not detected.
Package hobsub Info: Skipping package `ifvtex' (already loaded).
Package: intcalc 2016/05/16 v1.2 Expandable calculations with integers (HO)
Package hobsub Info: Skipping package `ifpdf' (already loaded).
Package: etexcmds 2016/05/16 v1.6 Avoid name clashes with e-TeX commands (HO)
Package etexcmds Info: Could not find \expanded.
(etexcmds)             That can mean that you are not using pdfTeX 1.50 or
(etexcmds)             that some package has redefined \expanded.
(etexcmds)             In the latter case, load this package earlier.
Package: kvsetkeys 2016/05/16 v1.17 Key value parser (HO)
Package: kvdefinekeys 2016/05/16 v1.4 Define keys (HO)
Package: pdftexcmds 2018/01/21 v0.26 Utility functions of pdfTeX for LuaTeX (HO
)
Package pdftexcmds Info: LuaTeX not detected.
Package pdftexcmds Info: \pdf@primitive is available.
Package pdftexcmds Info: \pdf@ifprimitive is available.
Package pdftexcmds Info: \pdfdraftmode found.
Package: pdfescape 2016/05/16 v1.14 Implements pdfTeX's escape features (HO)
Package: bigintcalc 2016/05/16 v1.4 Expandable calculations on big integers (HO
)
Package: bitset 2016/05/16 v1.2 Handle bit-vector datatype (HO)
Package: uniquecounter 2016/05/16 v1.3 Provide unlimited unique counter (HO)
)
Package hobsub Info: Skipping package `hobsub' (already loaded).
Package: letltxmacro 2016/05/16 v1.5 Let assignment for LaTeX macros (HO)
Package: hopatch 2016/05/16 v1.3 Wrapper for package hooks (HO)
Package: xcolor-patch 2016/05/16 xcolor patch
Package: atveryend 2016/05/16 v1.9 Hooks at the very end of document (HO)
Package hobsub Info: Skipping package `atbegshi' (already loaded).
Package: refcount 2016/05/16 v3.5 Data extraction from label references (HO)
Package: hycolor 2016/05/16 v1.8 Color options for hyperref/bookmark (HO)
)
(/usr/share/texlive/texmf-dist/tex/latex/oberdiek/auxhook.sty
Package: auxhook 2016/05/16 v1.4 Hooks for auxiliary files (HO)
)
(/usr/share/texlive/texmf-dist/tex/latex/oberdiek/kvoptions.sty
Package: kvoptions 2016/05/16 v3.12 Key value format for package options (HO)
)
\@linkdim=\dimen163
\Hy@linkcounter=\count119
\Hy@pagecounter=\count120

(/usr/share/texlive/texmf-dist/tex/latex/hyperref/pd1enc.def
File: pd1enc.def 2018/02/06 v6.86b Hyperref: PDFDocEncoding definition (HO)
)
\Hy@SavedSpaceFactor=\count121

(/usr/share/texlive/texmf-dist/tex/latex/latexconfig/hyperref.cfg
File: hyperref.cfg 2002/06/06 v1.2 hyperref configuration of TeXLive
)
Package hyperref Info: Option `bookmarks' set `true' on input line 4383.
Package hyperref Info: Option `bookmarksopen' set `true' on input line 4383.
Package hyperref Info: Option `implicit' set `false' on input line 4383.
Package hyperref Info: Hyper figures OFF on input line 4509.
Package hyperref Info: Link nesting OFF on input line 4514.
Package hyperref Info: Hyper index ON on input line 4517.
Package hyperref Info: Plain pages OFF on input line 4524.
Package hyperref Info: Backreferencing OFF on input line 4529.
Package hyperref Info: Implicit mode OFF; no redefinition of LaTeX internals.
Package hyperref Info: Bookmarks ON on input line 4762.
\c@Hy@tempcnt=\count122

(/usr/share/texlive/texmf-dist/tex/latex/url/url.sty
\Urlmuskip=\muskip10
Package: url 2013/09/16  ver 3.4  Verb mode for urls, etc.
)
LaTeX Info: Redefining \url on input line 5115.
\XeTeXLinkMargin=\dimen164
\Fld@menulength=\count123
\Field@Width=\dimen165
\Fld@charsize=\dimen166
Package hyperref Info: Hyper figures OFF on input line 6369.
Package hyperref Info: Link nesting OFF on input line 6374.
Package hyperref Info: Hyper index ON on input line 6377.
Package hyperref Info: backreferencing OFF on input line 6384.
Package hyperref Info: Link coloring OFF on input line 6389.
Package hyperref Info: Link coloring with OCG OFF on input line 6394.
Package hyperref Info: PDF/A mode OFF on input line 6399.
LaTeX Info: Redefining \ref on input line 6439.
LaTeX Info: Redefining \pageref on input line 6443.
\Hy@abspage=\count124


Package hyperref Message: Stopped early.

)
Package hyperref Info: Driver (autodetected): hpdftex.
 (/usr/share/texlive/texmf-dist/tex/latex/hyperref/hpdftex.def
File: hpdftex.def 2018/02/06 v6.86b Hyperref driver for pdfTeX
\Fld@listcount=\count125
\c@bookmark@seq@number=\count126

(/usr/share/texlive/texmf-dist/tex/latex/oberdiek/rerunfilecheck.sty
Package: rerunfilecheck 2016/05/16 v1.8 Rerun checks for auxiliary files (HO)
Package uniquecounter Info: New unique counter `rerunfilecheck' on input line 2
82.
))
(/usr/share/texlive/texmf-dist/tex/latex/beamer/beamerbaserequires.sty
(/usr/share/texlive/texmf-dist/tex/latex/beamer/beamerbasecompatibility.sty)
(/usr/share/texlive/texmf-dist/tex/latex/beamer/beamerbasefont.sty
(/usr/share/texlive/texmf-dist/tex/latex/amsfonts/amssymb.sty
Package: amssymb 2013/01/14 v3.01 AMS font symbols

(/usr/share/texlive/texmf-dist/tex/latex/amsfonts/amsfonts.sty
Package: amsfonts 2013/01/14 v3.01 Basic AMSFonts support
\@emptytoks=\toks26
\symAMSa=\mathgroup4
\symAMSb=\mathgroup5
LaTeX Font Info:    Overwriting math alphabet `\mathfrak' in version `bold'
(Font)                  U/euf/m/n --> U/euf/b/n on input line 106.
)))
(/usr/share/texlive/texmf-dist/tex/latex/beamer/beamerbasetranslator.sty
(/usr/share/texlive/texmf-dist/tex/latex/translator/translator.sty
Package: translator 2018/01/04 v1.12 Easy translation of strings in LaTeX
))
(/usr/share/texlive/texmf-dist/tex/latex/beamer/beamerbasemisc.sty)
(/usr/share/texlive/texmf-dist/tex/latex/beamer/beamerbasetwoscreens.sty)
(/usr/share/texlive/texmf-dist/tex/latex/beamer/beamerbaseoverlay.sty
\beamer@argscount=\count127
\beamer@lastskipcover=\skip44
\beamer@trivlistdepth=\count128
)
(/usr/share/texlive/texmf-dist/tex/latex/beamer/beamerbasetitle.sty)
(/usr/share/texlive/texmf-dist/tex/latex/beamer/beamerbasesection.sty
\c@lecture=\count129
\c@part=\count130
\c@section=\count131
\c@subsection=\count132
\c@subsubsection=\count133
)
(/usr/share/texlive/texmf-dist/tex/latex/beamer/beamerbaseframe.sty
\beamer@framebox=\box40
\beamer@frametitlebox=\box41
\beamer@zoombox=\box42
\beamer@zoomcount=\count134
\beamer@zoomframecount=\count135
\beamer@frametextheight=\dimen167
\c@subsectionslide=\count136
\beamer@frametopskip=\skip45
\beamer@framebottomskip=\skip46
\beamer@frametopskipautobreak=\skip47
\beamer@framebottomskipautobreak=\skip48
\beamer@envbody=\toks27
\framewidth=\dimen168
\c@framenumber=\count137
)
(/usr/share/texlive/texmf-dist/tex/latex/beamer/beamerbaseverbatim.sty
\beamer@verbatimfileout=\write4
)
(/usr/share/texlive/texmf-dist/tex/latex/beamer/beamerbaseframesize.sty
\beamer@splitbox=\box43
\beamer@autobreakcount=\count138
\beamer@autobreaklastheight=\dimen169
\beamer@frametitletoks=\toks28
\beamer@framesubtitletoks=\toks29
)
(/usr/share/texlive/texmf-dist/tex/latex/beamer/beamerbaseframecomponents.sty
\beamer@footins=\box44
)
(/usr/share/texlive/texmf-dist/tex/latex/beamer/beamerbasecolor.sty
\beamer@bg@ht=\dimen170
\beamer@bg@wd=\dimen171
\beamer@bg@dp=\dimen172
)
(/usr/share/texlive/texmf-dist/tex/latex/beamer/beamerbasenotes.sty
\beamer@frameboxcopy=\box45
)
(/usr/share/texlive/texmf-dist/tex/latex/beamer/beamerbasetoc.sty)
(/usr/share/texlive/texmf-dist/tex/latex/beamer/beamerbasetemplates.sty
\beamer@sbttoks=\toks30

(/usr/share/texlive/texmf-dist/tex/latex/beamer/beamerbaseauxtemplates.sty
(/usr/share/texlive/texmf-dist/tex/latex/beamer/beamerbaseboxes.sty
\bmb@box=\box46
\bmb@colorbox=\box47
\bmb@boxshadow=\box48
\bmb@boxshadowball=\box49
\bmb@boxshadowballlarge=\box50
\bmb@temp=\dimen173
\bmb@dima=\dimen174
\bmb@dimb=\dimen175
\bmb@prevheight=\dimen176
)
\beamer@blockheadheight=\dimen177
))
(/usr/share/texlive/texmf-dist/tex/latex/beamer/beamerbaselocalstructure.sty
(/usr/share/texlive/texmf-dist/tex/latex/tools/enumerate.sty
Package: enumerate 2015/07/23 v3.00 enumerate extensions (DPC)
\@enLab=\toks31
)
\c@figure=\count139
\c@table=\count140
\abovecaptionskip=\skip49
\belowcaptionskip=\skip50
)
(/usr/share/texlive/texmf-dist/tex/latex/beamer/beamerbasenavigation.sty
\beamer@section@min@dim=\dimen178
)
(/usr/share/texlive/texmf-dist/tex/latex/beamer/beamerbasetheorems.sty
(/usr/share/texlive/texmf-dist/tex/latex/amsmath/amsmath.sty
Package: amsmath 2017/09/02 v2.17a AMS math features
\@mathmargin=\skip51

For additional information on amsmath, use the `?' option.
(/usr/share/texlive/texmf-dist/tex/latex/amsmath/amstext.sty
Package: amstext 2000/06/29 v2.01 AMS text

(/usr/share/texlive/texmf-dist/tex/latex/amsmath/amsgen.sty
File: amsgen.sty 1999/11/30 v2.0 generic functions
\@emptytoks=\toks32
\ex@=\dimen179
))
(/usr/share/texlive/texmf-dist/tex/latex/amsmath/amsbsy.sty
Package: amsbsy 1999/11/29 v1.2d Bold Symbols
\pmbraise@=\dimen180
)
(/usr/share/texlive/texmf-dist/tex/latex/amsmath/amsopn.sty
Package: amsopn 2016/03/08 v2.02 operator names
)
\inf@bad=\count141
LaTeX Info: Redefining \frac on input line 213.
\uproot@=\count142
\leftroot@=\count143
LaTeX Info: Redefining \overline on input line 375.
\classnum@=\count144
\DOTSCASE@=\count145
LaTeX Info: Redefining \ldots on input line 472.
LaTeX Info: Redefining \dots on input line 475.
LaTeX Info: Redefining \cdots on input line 596.
\Mathstrutbox@=\box51
\strutbox@=\box52
\big@size=\dimen181
LaTeX Font Info:    Redeclaring font encoding OML on input line 712.
LaTeX Font Info:    Redeclaring font encoding OMS on input line 713.
\macc@depth=\count146
\c@MaxMatrixCols=\count147
\dotsspace@=\muskip11
\c@parentequation=\count148
\dspbrk@lvl=\count149
\tag@help=\toks33
\row@=\count150
\column@=\count151
\maxfields@=\count152
\andhelp@=\toks34
\eqnshift@=\dimen182
\alignsep@=\dimen183
\tagshift@=\dimen184
\tagwidth@=\dimen185
\totwidth@=\dimen186
\lineht@=\dimen187
\@envbody=\toks35
\multlinegap=\skip52
\multlinetaggap=\skip53
\mathdisplay@stack=\toks36
LaTeX Info: Redefining \[ on input line 2817.
LaTeX Info: Redefining \] on input line 2818.
)
(/usr/share/texlive/texmf-dist/tex/latex/amscls/amsthm.sty
Package: amsthm 2017/10/31 v2.20.4
\thm@style=\toks37
\thm@bodyfont=\toks38
\thm@headfont=\toks39
\thm@notefont=\toks40
\thm@headpunct=\toks41
\thm@preskip=\skip54
\thm@postskip=\skip55
\thm@headsep=\skip56
\dth@everypar=\toks42
)
\c@theorem=\count153
)
(/usr/share/texlive/texmf-dist/tex/latex/beamer/beamerbasethemes.sty))
(/usr/share/texlive/texmf-dist/tex/latex/beamer/beamerthemedefault.sty
(/usr/share/texlive/texmf-dist/tex/latex/beamer/beamerfontthemedefault.sty)
(/usr/share/texlive/texmf-dist/tex/latex/beamer/beamercolorthemedefault.sty)
(/usr/share/texlive/texmf-dist/tex/latex/beamer/beamerinnerthemedefault.sty
\beamer@dima=\dimen188
\beamer@dimb=\dimen189
)
(/usr/share/texlive/texmf-dist/tex/latex/beamer/beamerouterthemedefault.sty)))
(/usr/share/texlive/texmf-dist/tex/latex/base/fontenc.sty
Package: fontenc 2017/04/05 v2.0i Standard LaTeX package

(/usr/share/texlive/texmf-dist/tex/latex/base/t1enc.def
File: t1enc.def 2017/04/05 v2.0i Standard LaTeX file
LaTeX Font Info:    Redeclaring font encoding T1 on input line 48.
))
(/usr/share/texlive/texmf-dist/tex/latex/tools/multicol.sty
Package: multicol 2017/04/11 v1.8q multicolumn formatting (FMi)
\c@tracingmulticols=\count154
\mult@box=\box53
\multicol@leftmargin=\dimen190
\c@unbalance=\count155
\c@collectmore=\count156
\doublecol@number=\count157
\multicoltolerance=\count158
\multicolpretolerance=\count159
\full@width=\dimen191
\page@free=\dimen192
\premulticols=\dimen193
\postmulticols=\dimen194
\multicolsep=\skip57
\multicolbaselineskip=\skip58
\partial@page=\box54
\last@line=\box55
\maxbalancingoverflow=\dimen195
\mult@rightbox=\box56
\mult@grightbox=\box57
\mult@gfirstbox=\box58
\mult@firstbox=\box59
\@tempa=\box60
\@tempa=\box61
\@tempa=\box62
\@tempa=\box63
\@tempa=\box64
\@tempa=\box65
\@tempa=\box66
\@tempa=\box67
\@tempa=\box68
\@tempa=\box69
\@tempa=\box70
\@tempa=\box71
\@tempa=\box72
\@tempa=\box73
\@tempa=\box74
\@tempa=\box75
\@tempa=\box76
\c@columnbadness=\count160
\c@finalcolumnbadness=\count161
\last@try=\dimen196
\multicolovershoot=\dimen197
\multicolundershoot=\dimen198
\mult@nat@firstbox=\box77
\colbreak@box=\box78
\mc@col@check@num=\count162
)
(/usr/share/texlive/texmf-dist/tex/latex/ms/ragged2e.sty
Package: ragged2e 2009/05/21 v2.1 ragged2e Package (MS)

(/usr/share/texlive/texmf-dist/tex/latex/ms/everysel.sty
Package: everysel 2011/10/28 v1.2 EverySelectfont Package (MS)
)
\CenteringLeftskip=\skip59
\RaggedLeftLeftskip=\skip60
\RaggedRightLeftskip=\skip61
\CenteringRightskip=\skip62
\RaggedLeftRightskip=\skip63
\RaggedRightRightskip=\skip64
\CenteringParfillskip=\skip65
\RaggedLeftParfillskip=\skip66
\RaggedRightParfillskip=\skip67
\JustifyingParfillskip=\skip68
\CenteringParindent=\skip69
\RaggedLeftParindent=\skip70
\RaggedRightParindent=\skip71
\JustifyingParindent=\skip72
)
(/usr/share/texlive/texmf-dist/tex/latex/base/inputenc.sty
Package: inputenc 2015/03/17 v1.2c Input encoding file
\inpenc@prehook=\toks43
\inpenc@posthook=\toks44

(/usr/share/texlive/texmf-dist/tex/latex/base/utf8.def
File: utf8.def 2017/01/28 v1.1t UTF-8 support for inputenc
Now handling font encoding OML ...
... no UTF-8 mapping file for font encoding OML
Now handling font encoding T1 ...
... processing UTF-8 mapping file for font encoding T1

(/usr/share/texlive/texmf-dist/tex/latex/base/t1enc.dfu
File: t1enc.dfu 2017/01/28 v1.1t UTF-8 support for inputenc
   defining Unicode char U+00A0 (decimal 160)
   defining Unicode char U+00A1 (decimal 161)
   defining Unicode char U+00A3 (decimal 163)
   defining Unicode char U+00AB (decimal 171)
   defining Unicode char U+00AD (decimal 173)
   defining Unicode char U+00BB (decimal 187)
   defining Unicode char U+00BF (decimal 191)
   defining Unicode char U+00C0 (decimal 192)
   defining Unicode char U+00C1 (decimal 193)
   defining Unicode char U+00C2 (decimal 194)
   defining Unicode char U+00C3 (decimal 195)
   defining Unicode char U+00C4 (decimal 196)
   defining Unicode char U+00C5 (decimal 197)
   defining Unicode char U+00C6 (decimal 198)
   defining Unicode char U+00C7 (decimal 199)
   defining Unicode char U+00C8 (decimal 200)
   defining Unicode char U+00C9 (decimal 201)
   defining Unicode char U+00CA (decimal 202)
   defining Unicode char U+00CB (decimal 203)
   defining Unicode char U+00CC (decimal 204)
   defining Unicode char U+00CD (decimal 205)
   defining Unicode char U+00CE (decimal 206)
   defining Unicode char U+00CF (decimal 207)
   defining Unicode char U+00D0 (decimal 208)
   defining Unicode char U+00D1 (decimal 209)
   defining Unicode char U+00D2 (decimal 210)
   defining Unicode char U+00D3 (decimal 211)
   defining Unicode char U+00D4 (decimal 212)
   defining Unicode char U+00D5 (decimal 213)
   defining Unicode char U+00D6 (decimal 214)
   defining Unicode char U+00D8 (decimal 216)
   defining Unicode char U+00D9 (decimal 217)
   defining Unicode char U+00DA (decimal 218)
   defining Unicode char U+00DB (decimal 219)
   defining Unicode char U+00DC (decimal 220)
   defining Unicode char U+00DD (decimal 221)
   defining Unicode char U+00DE (decimal 222)
   defining Unicode char U+00DF (decimal 223)
   defining Unicode char U+00E0 (decimal 224)
   defining Unicode char U+00E1 (decimal 225)
   defining Unicode char U+00E2 (decimal 226)
   defining Unicode char U+00E3 (decimal 227)
   defining Unicode char U+00E4 (decimal 228)
   defining Unicode char U+00E5 (decimal 229)
   defining Unicode char U+00E6 (decimal 230)
   defining Unicode char U+00E7 (decimal 231)
   defining Unicode char U+00E8 (decimal 232)
   defining Unicode char U+00E9 (decimal 233)
   defining Unicode char U+00EA (decimal 234)
   defining Unicode char U+00EB (decimal 235)
   defining Unicode char U+00EC (decimal 236)
   defining Unicode char U+00ED (decimal 237)
   defining Unicode char U+00EE (decimal 238)
   defining Unicode char U+00EF (decimal 239)
   defining Unicode char U+00F0 (decimal 240)
   defining Unicode char U+00F1 (decimal 241)
   defining Unicode char U+00F2 (decimal 242)
   defining Unicode char U+00F3 (decimal 243)
   defining Unicode char U+00F4 (decimal 244)
   defining Unicode char U+00F5 (decimal 245)
   defining Unicode char U+00F6 (decimal 246)
   defining Unicode char U+00F8 (decimal 248)
   defining Unicode char U+00F9 (decimal 249)
   defining Unicode char U+00FA (decimal 250)
   defining Unicode char U+00FB (decimal 251)
   defining Unicode char U+00FC (decimal 252)
   defining Unicode char U+00FD (decimal 253)
   defining Unicode char U+00FE (decimal 254)
   defining Unicode char U+00FF (decimal 255)
   defining Unicode char U+0100 (decimal 256)
   defining Unicode char U+0101 (decimal 257)
   defining Unicode char U+0102 (decimal 258)
   defining Unicode char U+0103 (decimal 259)
   defining Unicode char U+0104 (decimal 260)
   defining Unicode char U+0105 (decimal 261)
   defining Unicode char U+0106 (decimal 262)
   defining Unicode char U+0107 (decimal 263)
   defining Unicode char U+0108 (decimal 264)
   defining Unicode char U+0109 (decimal 265)
   defining Unicode char U+010A (decimal 266)
   defining Unicode char U+010B (decimal 267)
   defining Unicode char U+010C (decimal 268)
   defining Unicode char U+010D (decimal 269)
   defining Unicode char U+010E (decimal 270)
   defining Unicode char U+010F (decimal 271)
   defining Unicode char U+0110 (decimal 272)
   defining Unicode char U+0111 (decimal 273)
   defining Unicode char U+0112 (decimal 274)
   defining Unicode char U+0113 (decimal 275)
   defining Unicode char U+0114 (decimal 276)
   defining Unicode char U+0115 (decimal 277)
   defining Unicode char U+0116 (decimal 278)
   defining Unicode char U+0117 (decimal 279)
   defining Unicode char U+0118 (decimal 280)
   defining Unicode char U+0119 (decimal 281)
   defining Unicode char U+011A (decimal 282)
   defining Unicode char U+011B (decimal 283)
   defining Unicode char U+011C (decimal 284)
   defining Unicode char U+011D (decimal 285)
   defining Unicode char U+011E (decimal 286)
   defining Unicode char U+011F (decimal 287)
   defining Unicode char U+0120 (decimal 288)
   defining Unicode char U+0121 (decimal 289)
   defining Unicode char U+0122 (decimal 290)
   defining Unicode char U+0123 (decimal 291)
   defining Unicode char U+0124 (decimal 292)
   defining Unicode char U+0125 (decimal 293)
   defining Unicode char U+0128 (decimal 296)
   defining Unicode char U+0129 (decimal 297)
   defining Unicode char U+012A (decimal 298)
   defining Unicode char U+012B (decimal 299)
   defining Unicode char U+012C (decimal 300)
   defining Unicode char U+012D (decimal 301)
   defining Unicode char U+012E (decimal 302)
   defining Unicode char U+012F (decimal 303)
   defining Unicode char U+0130 (decimal 304)
   defining Unicode char U+0131 (decimal 305)
   defining Unicode char U+0132 (decimal 306)
   defining Unicode char U+0133 (decimal 307)
   defining Unicode char U+0134 (decimal 308)
   defining Unicode char U+0135 (decimal 309)
   defining Unicode char U+0136 (decimal 310)
   defining Unicode char U+0137 (decimal 311)
   defining Unicode char U+0139 (decimal 313)
   defining Unicode char U+013A (decimal 314)
   defining Unicode char U+013B (decimal 315)
   defining Unicode char U+013C (decimal 316)
   defining Unicode char U+013D (decimal 317)
   defining Unicode char U+013E (decimal 318)
   defining Unicode char U+0141 (decimal 321)
   defining Unicode char U+0142 (decimal 322)
   defining Unicode char U+0143 (decimal 323)
   defining Unicode char U+0144 (decimal 324)
   defining Unicode char U+0145 (decimal 325)
   defining Unicode char U+0146 (decimal 326)
   defining Unicode char U+0147 (decimal 327)
   defining Unicode char U+0148 (decimal 328)
   defining Unicode char U+014A (decimal 330)
   defining Unicode char U+014B (decimal 331)
   defining Unicode char U+014C (decimal 332)
   defining Unicode char U+014D (decimal 333)
   defining Unicode char U+014E (decimal 334)
   defining Unicode char U+014F (decimal 335)
   defining Unicode char U+0150 (decimal 336)
   defining Unicode char U+0151 (decimal 337)
   defining Unicode char U+0152 (decimal 338)
   defining Unicode char U+0153 (decimal 339)
   defining Unicode char U+0154 (decimal 340)
   defining Unicode char U+0155 (decimal 341)
   defining Unicode char U+0156 (decimal 342)
   defining Unicode char U+0157 (decimal 343)
   defining Unicode char U+0158 (decimal 344)
   defining Unicode char U+0159 (decimal 345)
   defining Unicode char U+015A (decimal 346)
   defining Unicode char U+015B (decimal 347)
   defining Unicode char U+015C (decimal 348)
   defining Unicode char U+015D (decimal 349)
   defining Unicode char U+015E (decimal 350)
   defining Unicode char U+015F (decimal 351)
   defining Unicode char U+0160 (decimal 352)
   defining Unicode char U+0161 (decimal 353)
   defining Unicode char U+0162 (decimal 354)
   defining Unicode char U+0163 (decimal 355)
   defining Unicode char U+0164 (decimal 356)
   defining Unicode char U+0165 (decimal 357)
   defining Unicode char U+0168 (decimal 360)
   defining Unicode char U+0169 (decimal 361)
   defining Unicode char U+016A (decimal 362)
   defining Unicode char U+016B (decimal 363)
   defining Unicode char U+016C (decimal 364)
   defining Unicode char U+016D (decimal 365)
   defining Unicode char U+016E (decimal 366)
   defining Unicode char U+016F (decimal 367)
   defining Unicode char U+0170 (decimal 368)
   defining Unicode char U+0171 (decimal 369)
   defining Unicode char U+0172 (decimal 370)
   defining Unicode char U+0173 (decimal 371)
   defining Unicode char U+0174 (decimal 372)
   defining Unicode char U+0175 (decimal 373)
   defining Unicode char U+0176 (decimal 374)
   defining Unicode char U+0177 (decimal 375)
   defining Unicode char U+0178 (decimal 376)
   defining Unicode char U+0179 (decimal 377)
   defining Unicode char U+017A (decimal 378)
   defining Unicode char U+017B (decimal 379)
   defining Unicode char U+017C (decimal 380)
   defining Unicode char U+017D (decimal 381)
   defining Unicode char U+017E (decimal 382)
   defining Unicode char U+01CD (decimal 461)
   defining Unicode char U+01CE (decimal 462)
   defining Unicode char U+01CF (decimal 463)
   defining Unicode char U+01D0 (decimal 464)
   defining Unicode char U+01D1 (decimal 465)
   defining Unicode char U+01D2 (decimal 466)
   defining Unicode char U+01D3 (decimal 467)
   defining Unicode char U+01D4 (decimal 468)
   defining Unicode char U+01E2 (decimal 482)
   defining Unicode char U+01E3 (decimal 483)
   defining Unicode char U+01E6 (decimal 486)
   defining Unicode char U+01E7 (decimal 487)
   defining Unicode char U+01E8 (decimal 488)
   defining Unicode char U+01E9 (decimal 489)
   defining Unicode char U+01EA (decimal 490)
   defining Unicode char U+01EB (decimal 491)
   defining Unicode char U+01F0 (decimal 496)
   defining Unicode char U+01F4 (decimal 500)
   defining Unicode char U+01F5 (decimal 501)
   defining Unicode char U+0218 (decimal 536)
   defining Unicode char U+0219 (decimal 537)
   defining Unicode char U+021A (decimal 538)
   defining Unicode char U+021B (decimal 539)
   defining Unicode char U+0232 (decimal 562)
   defining Unicode char U+0233 (decimal 563)
   defining Unicode char U+1E02 (decimal 7682)
   defining Unicode char U+1E03 (decimal 7683)
   defining Unicode char U+200C (decimal 8204)
   defining Unicode char U+2010 (decimal 8208)
   defining Unicode char U+2011 (decimal 8209)
   defining Unicode char U+2012 (decimal 8210)
   defining Unicode char U+2013 (decimal 8211)
   defining Unicode char U+2014 (decimal 8212)
   defining Unicode char U+2015 (decimal 8213)
   defining Unicode char U+2018 (decimal 8216)
   defining Unicode char U+2019 (decimal 8217)
   defining Unicode char U+201A (decimal 8218)
   defining Unicode char U+201C (decimal 8220)
   defining Unicode char U+201D (decimal 8221)
   defining Unicode char U+201E (decimal 8222)
   defining Unicode char U+2030 (decimal 8240)
   defining Unicode char U+2031 (decimal 8241)
   defining Unicode char U+2039 (decimal 8249)
   defining Unicode char U+203A (decimal 8250)
   defining Unicode char U+2423 (decimal 9251)
   defining Unicode char U+1E20 (decimal 7712)
   defining Unicode char U+1E21 (decimal 7713)
)
Now handling font encoding OT1 ...
... processing UTF-8 mapping file for font encoding OT1

(/usr/share/texlive/texmf-dist/tex/latex/base/ot1enc.dfu
File: ot1enc.dfu 2017/01/28 v1.1t UTF-8 support for inputenc
   defining Unicode char U+00A0 (decimal 160)
   defining Unicode char U+00A1 (decimal 161)
   defining Unicode char U+00A3 (decimal 163)
   defining Unicode char U+00AD (decimal 173)
   defining Unicode char U+00B8 (decimal 184)
   defining Unicode char U+00BF (decimal 191)
   defining Unicode char U+00C5 (decimal 197)
   defining Unicode char U+00C6 (decimal 198)
   defining Unicode char U+00D8 (decimal 216)
   defining Unicode char U+00DF (decimal 223)
   defining Unicode char U+00E6 (decimal 230)
   defining Unicode char U+00EC (decimal 236)
   defining Unicode char U+00ED (decimal 237)
   defining Unicode char U+00EE (decimal 238)
   defining Unicode char U+00EF (decimal 239)
   defining Unicode char U+00F8 (decimal 248)
   defining Unicode char U+0131 (decimal 305)
   defining Unicode char U+0141 (decimal 321)
   defining Unicode char U+0142 (decimal 322)
   defining Unicode char U+0152 (decimal 338)
   defining Unicode char U+0153 (decimal 339)
   defining Unicode char U+0174 (decimal 372)
   defining Unicode char U+0175 (decimal 373)
   defining Unicode char U+0176 (decimal 374)
   defining Unicode char U+0177 (decimal 375)
   defining Unicode char U+0218 (decimal 536)
   defining Unicode char U+0219 (decimal 537)
   defining Unicode char U+021A (decimal 538)
   defining Unicode char U+021B (decimal 539)
   defining Unicode char U+2013 (decimal 8211)
   defining Unicode char U+2014 (decimal 8212)
   defining Unicode char U+2018 (decimal 8216)
   defining Unicode char U+2019 (decimal 8217)
   defining Unicode char U+201C (decimal 8220)
   defining Unicode char U+201D (decimal 8221)
)
Now handling font encoding OMS ...
... processing UTF-8 mapping file for font encoding OMS

(/usr/share/texlive/texmf-dist/tex/latex/base/omsenc.dfu
File: omsenc.dfu 2017/01/28 v1.1t UTF-8 support for inputenc
   defining Unicode char U+00A7 (decimal 167)
   defining Unicode char U+00B6 (decimal 182)
   defining Unicode char U+00B7 (decimal 183)
   defining Unicode char U+2020 (decimal 8224)
   defining Unicode char U+2021 (decimal 8225)
   defining Unicode char U+2022 (decimal 8226)
)
Now handling font encoding OMX ...
... no UTF-8 mapping file for font encoding OMX
Now handling font encoding U ...
... no UTF-8 mapping file for font encoding U
Now handling font encoding PD1 ...
... no UTF-8 mapping file for font encoding PD1
   defining Unicode char U+00A9 (decimal 169)
   defining Unicode char U+00AA (decimal 170)
   defining Unicode char U+00AE (decimal 174)
   defining Unicode char U+00BA (decimal 186)
   defining Unicode char U+02C6 (decimal 710)
   defining Unicode char U+02DC (decimal 732)
   defining Unicode char U+200C (decimal 8204)
   defining Unicode char U+2026 (decimal 8230)
   defining Unicode char U+2122 (decimal 8482)
   defining Unicode char U+2423 (decimal 9251)
))
(/usr/share/texlive/texmf-dist/tex/latex/tools/varioref.sty
Package: varioref 2016/02/16 v1.5c package for extended references (FMi)
\c@vrcnt=\count163
)
(/usr/share/texlive/texmf-dist/tex/latex/natbib/natbib.sty
Package: natbib 2010/09/13 8.31b (PWD, AO)
\bibhang=\skip73
\bibsep=\skip74
LaTeX Info: Redefining \cite on input line 694.
\c@NAT@ctr=\count164
)
(/usr/share/texlive/texmf-dist/tex/latex/beamer/xmpmulti.sty
\@mpm@count=\count165
)
(/usr/share/texlive/texmf-dist/tex/latex/tools/verbatim.sty
Package: verbatim 2014/10/28 v1.5q LaTeX2e package for verbatim enhancements
\every@verbatim=\toks45
\verbatim@line=\toks46
\verbatim@in@stream=\read2
)
(/usr/share/texlive/texmf-dist/tex/latex/graphics/epsfig.sty
Package: epsfig 2017/06/25 v1.7b (e)psfig emulation (SPQR)
\epsfxsize=\dimen199
\epsfysize=\dimen256
)
(/usr/share/texlive/texmf-dist/tex/latex/caption/subcaption.sty
Package: subcaption 2016/05/22 v1.1-161 Sub-captions (AR)

(/usr/share/texlive/texmf-dist/tex/latex/caption/caption.sty
Package: caption 2016/02/21 v3.3-144 Customizing captions (AR)

(/usr/share/texlive/texmf-dist/tex/latex/caption/caption3.sty
Package: caption3 2016/05/22 v1.7-166 caption3 kernel (AR)
Package caption3 Info: TeX engine: e-TeX on input line 67.
\captionmargin=\dimen257
\captionmargin@=\dimen258
\captionwidth=\dimen259
\caption@tempdima=\dimen260
\caption@indent=\dimen261
\caption@parindent=\dimen262
\caption@hangindent=\dimen263
)
\c@ContinuedFloat=\count166
Package caption Info: beamer document class.
Package caption Info: hyperref package is loaded.
Package caption Info: Hyperref support is turned off
(caption)             because hyperref has stopped early.
)
\c@subfigure=\count167
\c@subtable=\count168
) (./ru.sty
(/usr/share/texlive/texmf-dist/tex/latex/beamer/beamerouterthemesplit.sty)
(/usr/share/texlive/texmf-dist/tex/latex/beamer/beamercolorthemewhale.sty)
(/usr/share/texlive/texmf-dist/tex/latex/beamer/beamerinnerthemerounded.sty)
(/usr/share/texlive/texmf-dist/tex/latex/beamer/beamercolorthemeorchid.sty)
(/usr/share/texlive/texmf-dist/tex/latex/beamer/beamercolorthemestructure.sty))

Package hyperref Warning: Token not allowed in a PDF string (PDFDocEncoding):
(hyperref)                removing `\\' on input line 44.


Package hyperref Warning: Token not allowed in a PDF string (PDFDocEncoding):
(hyperref)                removing `\new@ifnextchar' on input line 44.


Package hyperref Warning: Token not allowed in a PDF string (PDFDocEncoding):
(hyperref)                removing `\medskipamount' on input line 44.

(./exemple.aux)
\openout1 = `exemple.aux'.

LaTeX Font Info:    Checking defaults for OML/cmm/m/it on input line 59.
LaTeX Font Info:    ... okay on input line 59.
LaTeX Font Info:    Checking defaults for T1/cmr/m/n on input line 59.
LaTeX Font Info:    ... okay on input line 59.
LaTeX Font Info:    Checking defaults for OT1/cmr/m/n on input line 59.
LaTeX Font Info:    ... okay on input line 59.
LaTeX Font Info:    Checking defaults for OMS/cmsy/m/n on input line 59.
LaTeX Font Info:    ... okay on input line 59.
LaTeX Font Info:    Checking defaults for OMX/cmex/m/n on input line 59.
LaTeX Font Info:    ... okay on input line 59.
LaTeX Font Info:    Checking defaults for U/cmr/m/n on input line 59.
LaTeX Font Info:    ... okay on input line 59.
LaTeX Font Info:    Checking defaults for PD1/pdf/m/n on input line 59.
LaTeX Font Info:    ... okay on input line 59.

*geometry* driver: auto-detecting
*geometry* detected driver: pdftex
*geometry* verbose mode - [ preamble ] result:
* driver: pdftex
* paper: custom
* layout: <same size as paper>
* layoutoffset:(h,v)=(0.0pt,0.0pt)
* modes: includehead includefoot 
* h-part:(L,W,R)=(28.45274pt, 307.28987pt, 28.45274pt)
* v-part:(T,H,B)=(0.0pt, 273.14662pt, 0.0pt)
* \paperwidth=364.19536pt
* \paperheight=273.14662pt
* \textwidth=307.28987pt
* \textheight=244.6939pt
* \oddsidemargin=-43.81725pt
* \evensidemargin=-43.81725pt
* \topmargin=-72.26999pt
* \headheight=14.22636pt
* \headsep=0.0pt
* \topskip=11.0pt
* \footskip=14.22636pt
* \marginparwidth=4.0pt
* \marginparsep=10.0pt
* \columnsep=10.0pt
* \skip\footins=10.0pt plus 4.0pt minus 2.0pt
* \hoffset=0.0pt
* \voffset=0.0pt
* \mag=1000
* \@twocolumnfalse
* \@twosidefalse
* \@mparswitchfalse
* \@reversemarginfalse
* (1in=72.27pt=25.4mm, 1cm=28.453pt)

(/usr/share/texlive/texmf-dist/tex/context/base/mkii/supp-pdf.mkii
[Loading MPS to PDF converter (version 2006.09.02).]
\scratchcounter=\count169
\scratchdimen=\dimen264
\scratchbox=\box79
\nofMPsegments=\count170
\nofMParguments=\count171
\everyMPshowfont=\toks47
\MPscratchCnt=\count172
\MPscratchDim=\dimen265
\MPnumerator=\count173
\makeMPintoPDFobject=\count174
\everyMPtoPDFconversion=\toks48
) (/usr/share/texlive/texmf-dist/tex/latex/oberdiek/epstopdf-base.sty
Package: epstopdf-base 2016/05/15 v2.6 Base part for package epstopdf

(/usr/share/texlive/texmf-dist/tex/latex/oberdiek/grfext.sty
Package: grfext 2016/05/16 v1.2 Manage graphics extensions (HO)
)
Package epstopdf-base Info: Redefining graphics rule for `.eps' on input line 4
38.
Package grfext Info: Graphics extension search list:
(grfext)             [.pdf,.png,.jpg,.mps,.jpeg,.jbig2,.jb2,.PDF,.PNG,.JPG,.JPE
G,.JBIG2,.JB2,.eps]
(grfext)             \AppendGraphicsExtensions on input line 456.

(/usr/share/texlive/texmf-dist/tex/latex/latexconfig/epstopdf-sys.cfg
File: epstopdf-sys.cfg 2010/07/13 v1.3 Configuration of (r)epstopdf for TeX Liv
e
))
ABD: EveryShipout initializing macros
\AtBeginShipoutBox=\box80
Package hyperref Info: Link coloring OFF on input line 59.

(/usr/share/texlive/texmf-dist/tex/latex/hyperref/nameref.sty
Package: nameref 2016/05/21 v2.44 Cross-referencing by name of section

(/usr/share/texlive/texmf-dist/tex/generic/oberdiek/gettitlestring.sty
Package: gettitlestring 2016/05/16 v1.5 Cleanup title references (HO)
)
\c@section@level=\count175
LaTeX Info: Redefining \Ref on input line 515.
)
LaTeX Info: Redefining \ref on input line 59.
LaTeX Info: Redefining \pageref on input line 59.
LaTeX Info: Redefining \nameref on input line 59.

(./exemple.out) (./exemple.out)
\@outlinefile=\write5
\openout5 = `exemple.out'.

LaTeX Font Info:    Overwriting symbol font `operators' in version `normal'
(Font)                  OT1/cmr/m/n --> OT1/cmss/m/n on input line 59.
LaTeX Font Info:    Overwriting symbol font `operators' in version `bold'
(Font)                  OT1/cmr/bx/n --> OT1/cmss/bx/n on input line 59.
\symnumbers=\mathgroup6
\sympureletters=\mathgroup7
LaTeX Font Info:    Overwriting math alphabet `\mathrm' in version `normal'
(Font)                  OT1/cmss/m/n --> T1/cmr/m/n on input line 59.
LaTeX Font Info:    Redeclaring math alphabet \mathbf on input line 59.
LaTeX Font Info:    Overwriting math alphabet `\mathbf' in version `normal'
(Font)                  OT1/cmr/bx/n --> T1/cmss/bx/n on input line 59.
LaTeX Font Info:    Overwriting math alphabet `\mathbf' in version `bold'
(Font)                  OT1/cmr/bx/n --> T1/cmss/bx/n on input line 59.
LaTeX Font Info:    Redeclaring math alphabet \mathsf on input line 59.
LaTeX Font Info:    Overwriting math alphabet `\mathsf' in version `normal'
(Font)                  OT1/cmss/m/n --> T1/cmss/m/n on input line 59.
LaTeX Font Info:    Overwriting math alphabet `\mathsf' in version `bold'
(Font)                  OT1/cmss/bx/n --> T1/cmss/m/n on input line 59.
LaTeX Font Info:    Redeclaring math alphabet \mathit on input line 59.
LaTeX Font Info:    Overwriting math alphabet `\mathit' in version `normal'
(Font)                  OT1/cmr/m/it --> T1/cmss/m/it on input line 59.
LaTeX Font Info:    Overwriting math alphabet `\mathit' in version `bold'
(Font)                  OT1/cmr/bx/it --> T1/cmss/m/it on input line 59.
LaTeX Font Info:    Redeclaring math alphabet \mathtt on input line 59.
LaTeX Font Info:    Overwriting math alphabet `\mathtt' in version `normal'
(Font)                  OT1/cmtt/m/n --> T1/cmtt/m/n on input line 59.
LaTeX Font Info:    Overwriting math alphabet `\mathtt' in version `bold'
(Font)                  OT1/cmtt/m/n --> T1/cmtt/m/n on input line 59.
LaTeX Font Info:    Overwriting symbol font `numbers' in version `bold'
(Font)                  T1/cmss/m/n --> T1/cmss/bx/n on input line 59.
LaTeX Font Info:    Overwriting symbol font `pureletters' in version `bold'
(Font)                  T1/cmss/m/it --> T1/cmss/bx/it on input line 59.
LaTeX Font Info:    Overwriting math alphabet `\mathrm' in version `bold'
(Font)                  OT1/cmss/bx/n --> T1/cmr/bx/n on input line 59.
LaTeX Font Info:    Overwriting math alphabet `\mathbf' in version `bold'
(Font)                  T1/cmss/bx/n --> T1/cmss/bx/n on input line 59.
LaTeX Font Info:    Overwriting math alphabet `\mathsf' in version `bold'
(Font)                  T1/cmss/m/n --> T1/cmss/bx/n on input line 59.
LaTeX Font Info:    Overwriting math alphabet `\mathit' in version `bold'
(Font)                  T1/cmss/m/it --> T1/cmss/bx/it on input line 59.
LaTeX Font Info:    Overwriting math alphabet `\mathtt' in version `bold'
(Font)                  T1/cmtt/m/n --> T1/cmtt/bx/n on input line 59.

(/usr/share/texlive/texmf-dist/tex/latex/translator/translator-basic-dictionary
-English.dict
Dictionary: translator-basic-dictionary, Language: English 
)
(/usr/share/texlive/texmf-dist/tex/latex/translator/translator-bibliography-dic
tionary-English.dict
Dictionary: translator-bibliography-dictionary, Language: English 
)
(/usr/share/texlive/texmf-dist/tex/latex/translator/translator-environment-dict
ionary-English.dict
Dictionary: translator-environment-dictionary, Language: English 
)
(/usr/share/texlive/texmf-dist/tex/latex/translator/translator-months-dictionar
y-English.dict
Dictionary: translator-months-dictionary, Language: English 
)
(/usr/share/texlive/texmf-dist/tex/latex/translator/translator-numbers-dictiona
ry-English.dict
Dictionary: translator-numbers-dictionary, Language: English 
)
(/usr/share/texlive/texmf-dist/tex/latex/translator/translator-theorem-dictiona
ry-English.dict
Dictionary: translator-theorem-dictionary, Language: English 
) ABD: EverySelectfont initializing macros
LaTeX Info: Redefining \selectfont on input line 59.
Package caption Info: Begin \AtBeginDocument code.
Package caption Info: End \AtBeginDocument code.
 (./exemple.nav)
Overfull \vbox (1.48788pt too high) detected at line 59
 []


Overfull \vbox (1.48788pt too high) has occurred while \output is active []


[1{/var/lib/texmf/fonts/map/pdftex/updmap/pdftex.map}

 <./ft_background.png> <./ft.png>] (./exemple.toc)
Overfull \vbox (1.48788pt too high) has occurred while \output is active []


[2

 <./ft_background_2.png> <./ft.png>] (./exemple.toc)
Overfull \vbox (1.48788pt too high) has occurred while \output is active []


[3

 <./ft.png>]
LaTeX Font Info:    Try loading font information for U+msa on input line 117.
 (/usr/share/texlive/texmf-dist/tex/latex/amsfonts/umsa.fd
File: umsa.fd 2013/01/14 v3.01 AMS symbols A
)
LaTeX Font Info:    Try loading font information for U+msb on input line 117.

(/usr/share/texlive/texmf-dist/tex/latex/amsfonts/umsb.fd
File: umsb.fd 2013/01/14 v3.01 AMS symbols B
)
Overfull \vbox (1.48788pt too high) has occurred while \output is active []


[4

 <./ft.png>]
Overfull \vbox (1.48788pt too high) has occurred while \output is active []


[5

 <./ft.png>]
Overfull \vbox (1.48788pt too high) has occurred while \output is active []


[6

 <./ft.png>]
<images/baixando_clonezilla.png, id=212, 1415.2875pt x 725.71124pt>
File: images/baixando_clonezilla.png Graphic file (type png)
<use images/baixando_clonezilla.png>
Package pdftex.def Info: images/baixando_clonezilla.png  used on input line 128
.
(pdftex.def)             Requested size: 311.36421pt x 159.65697pt.

Overfull \hbox (4.07434pt too wide) in paragraph at lines 128--128
 [] 
 []


Overfull \vbox (13.13992pt too high) detected at line 128
 []


Overfull \vbox (1.48788pt too high) has occurred while \output is active []


[7

 <./ft.png> <./images/baixando_clonezilla.png>]
<images/baixando_clonezilla2.png, id=230, 836.12375pt x 409.53pt>
File: images/baixando_clonezilla2.png Graphic file (type png)
<use images/baixando_clonezilla2.png>
Package pdftex.def Info: images/baixando_clonezilla2.png  used on input line 14
1.
(pdftex.def)             Requested size: 250.83905pt x 122.85994pt.

Overfull \vbox (1.48788pt too high) has occurred while \output is active []


[8

 <./ft.png> <./images/baixando_clonezilla2.png>]
Overfull \vbox (1.48788pt too high) has occurred while \output is active []


[9

 <./ft.png>]
Overfull \vbox (1.48788pt too high) has occurred while \output is active []


[10

 <./ft.png>]
Overfull \vbox (1.48788pt too high) has occurred while \output is active []


[11

 <./ft.png>]
<images/pendrivewin_extraido.png, id=297, 380.17032pt x 279.29344pt>
File: images/pendrivewin_extraido.png Graphic file (type png)
<use images/pendrivewin_extraido.png>
Package pdftex.def Info: images/pendrivewin_extraido.png  used on input line 17
0.
(pdftex.def)             Requested size: 235.70316pt x 173.16014pt.

Overfull \vbox (13.04309pt too high) detected at line 170
 []


Overfull \vbox (1.48788pt too high) has occurred while \output is active []


[12

 <./ft.png> <./images/pendrivewin_extraido.png>]
<images/pendrivewin1abrirpower.png, id=315, 570.63188pt x 412.54124pt>
File: images/pendrivewin1abrirpower.png Graphic file (type png)
<use images/pendrivewin1abrirpower.png>
Package pdftex.def Info: images/pendrivewin1abrirpower.png  used on input line 
183.
(pdftex.def)             Requested size: 239.66376pt x 173.26614pt.

Overfull \vbox (13.1491pt too high) detected at line 183
 []


Overfull \vbox (1.48788pt too high) has occurred while \output is active []


[13

 <./ft.png> <./images/pendrivewin1abrirpower.png>]
<images/pendrivewin2.png, id=334, 323.70938pt x 201.75375pt>
File: images/pendrivewin2.png Graphic file (type png)
<use images/pendrivewin2.png>
Package pdftex.def Info: images/pendrivewin2.png  used on input line 197.
(pdftex.def)             Requested size: 194.22713pt x 121.05318pt.

Overfull \vbox (2.1164pt too high) detected at line 197
 []


Overfull \vbox (1.48788pt too high) has occurred while \output is active []


[14

 <./ft.png> <./images/pendrivewin2.png>]
<images/pendrivewin3.png, id=351, 557.83406pt x 350.05782pt>
File: images/pendrivewin3.png Graphic file (type png)
<use images/pendrivewin3.png>
Package pdftex.def Info: images/pendrivewin3.png  used on input line 208.
(pdftex.def)             Requested size: 334.703pt x 210.0363pt.

Overfull \hbox (27.41313pt too wide) in paragraph at lines 208--208
 [] 
 []


Overfull \vbox (8.22926pt too high) detected at line 208
 []

[15

 <./images/pendrivewin3.png>]
<images/pendrivewin4.png, id=360, 446.41782pt x 246.9225pt>
File: images/pendrivewin4.png Graphic file (type png)
<use images/pendrivewin4.png>
Package pdftex.def Info: images/pendrivewin4.png  used on input line 218.
(pdftex.def)             Requested size: 267.85275pt x 148.15462pt.
 [16

 <./images/pendrivewin4.png>]
Overfull \vbox (1.48788pt too high) has occurred while \output is active []


[17

 <./ft.png>]
Overfull \vbox (1.48788pt too high) has occurred while \output is active []


[18

 <./ft.png>]
Overfull \vbox (1.48788pt too high) has occurred while \output is active []


[19

 <./ft.png>]
Overfull \vbox (1.48788pt too high) has occurred while \output is active []


[20

 <./ft.png>]
Overfull \vbox (1.48788pt too high) has occurred while \output is active []


[21

 <./ft.png>]
<images/pendrivebootavellinux.png, id=450, 808.01875pt x 540.0175pt>
File: images/pendrivebootavellinux.png Graphic file (type png)
<use images/pendrivebootavellinux.png>
Package pdftex.def Info: images/pendrivebootavellinux.png  used on input line 2
45.
(pdftex.def)             Requested size: 323.20177pt x 216.00316pt.

Overfull \hbox (15.9119pt too wide) in paragraph at lines 245--245
 [] 
 []


Overfull \vbox (14.19612pt too high) detected at line 245
 []

[22

 <./images/pendrivebootavellinux.png>] (./exemple.toc)
Overfull \vbox (1.48788pt too high) has occurred while \output is active []


[23

 <./ft.png>]
Overfull \vbox (1.48788pt too high) has occurred while \output is active []


[24

 <./ft.png>]
Overfull \vbox (1.48788pt too high) has occurred while \output is active []


[25

 <./ft.png>]
Overfull \vbox (1.48788pt too high) has occurred while \output is active []


[26

 <./ft.png>]
Overfull \vbox (1.48788pt too high) has occurred while \output is active []


[27

 <./ft.png>]
Overfull \vbox (1.48788pt too high) has occurred while \output is active []


[28

 <./ft.png>]
<images/discos1.png, id=565, 661.47125pt x 342.27875pt>
File: images/discos1.png Graphic file (type png)
<use images/discos1.png>
Package pdftex.def Info: images/discos1.png  used on input line 274.
(pdftex.def)             Requested size: 396.8858pt x 205.36882pt.

Overfull \hbox (89.59593pt too wide) in paragraph at lines 274--274
 [] 
 []


Overfull \vbox (3.56178pt too high) detected at line 274
 []

[29

 <./images/discos1.png>]
<images/disco2.png, id=574, 733.74126pt x 360.34625pt>
File: images/disco2.png Graphic file (type png)
<use images/disco2.png>
Package pdftex.def Info: images/disco2.png  used on input line 284.
(pdftex.def)             Requested size: 440.24815pt x 216.20941pt.

Overfull \hbox (132.95828pt too wide) in paragraph at lines 284--284
 [] 
 []


Overfull \vbox (14.40237pt too high) detected at line 284
 []

[30

 <./images/disco2.png>]
<images/disco3.png, id=583, 733.74126pt x 270.00874pt>
File: images/disco3.png Graphic file (type png)
<use images/disco3.png>
Package pdftex.def Info: images/disco3.png  used on input line 294.
(pdftex.def)             Requested size: 440.24815pt x 162.00648pt.

Overfull \hbox (132.95828pt too wide) in paragraph at lines 294--294
 [] 
 []

[31

 <./images/disco3.png>]
<images/particoes.png, id=593, 1028.84375pt x 303.1325pt>
File: images/particoes.png Graphic file (type png)
<use images/particoes.png>
Package pdftex.def Info: images/particoes.png  used on input line 305.
(pdftex.def)             Requested size: 645.3106pt x 190.13266pt.

Overfull \hbox (338.02072pt too wide) in paragraph at lines 305--305
 [] 
 []

[32

 <./images/particoes.png>]
<images/particoes2.png, id=601, 545.03625pt x 291.0875pt>
File: images/particoes2.png Graphic file (type png)
<use images/particoes2.png>
Package pdftex.def Info: images/particoes2.png  used on input line 315.
(pdftex.def)             Requested size: 399.47777pt x 213.34933pt.

Overfull \hbox (92.1879pt too wide) in paragraph at lines 315--315
 [] 
 []


Overfull \vbox (11.5423pt too high) detected at line 315
 []

[33

 <./images/particoes2.png>] (./exemple.toc)
Overfull \vbox (1.48788pt too high) has occurred while \output is active []


[34

 <./ft.png>]
Overfull \vbox (0.15575pt too high) detected at line 336
 []


Overfull \vbox (1.48788pt too high) has occurred while \output is active []


[35

 <./ft.png>]
Overfull \vbox (0.15575pt too high) detected at line 336
 []


Overfull \vbox (1.48788pt too high) has occurred while \output is active []


[36

 <./ft.png>]
Overfull \vbox (0.15575pt too high) detected at line 336
 []


Overfull \vbox (1.48788pt too high) has occurred while \output is active []


[37

 <./ft.png>]
Overfull \vbox (0.15575pt too high) detected at line 336
 []


Overfull \vbox (1.48788pt too high) has occurred while \output is active []


[38

 <./ft.png>]
Overfull \vbox (0.15575pt too high) detected at line 336
 []


Overfull \vbox (1.48788pt too high) has occurred while \output is active []


[39

 <./ft.png>]
Overfull \vbox (0.15575pt too high) detected at line 336
 []


Overfull \vbox (1.48788pt too high) has occurred while \output is active []


[40

 <./ft.png>]
<images/backup/bkp1.jpg, id=732, 4625.28pt x 3468.96pt>
File: images/backup/bkp1.jpg Graphic file (type jpg)
<use images/backup/bkp1.jpg>
Package pdftex.def Info: images/backup/bkp1.jpg  used on input line 346.
(pdftex.def)             Requested size: 307.28987pt x 230.46593pt.

Overfull \vbox (27.65889pt too high) detected at line 346
 []

[41

 <./images/backup/bkp1.jpg>]
<images/backup/bkp2.jpg, id=739, 4625.28pt x 3468.96pt>
File: images/backup/bkp2.jpg Graphic file (type jpg)
<use images/backup/bkp2.jpg>
Package pdftex.def Info: images/backup/bkp2.jpg  used on input line 356.
(pdftex.def)             Requested size: 307.28987pt x 230.46593pt.

Overfull \vbox (27.65889pt too high) detected at line 356
 []

[42

 <./images/backup/bkp2.jpg>]
<images/backup/bkp3.jpg, id=746, 4625.28pt x 3468.96pt>
File: images/backup/bkp3.jpg Graphic file (type jpg)
<use images/backup/bkp3.jpg>
Package pdftex.def Info: images/backup/bkp3.jpg  used on input line 366.
(pdftex.def)             Requested size: 307.28987pt x 230.46593pt.

Overfull \vbox (27.65889pt too high) detected at line 366
 []

[43

 <./images/backup/bkp3.jpg>]
<images/backup/bkp4.jpg, id=754, 4625.28pt x 3468.96pt>
File: images/backup/bkp4.jpg Graphic file (type jpg)
<use images/backup/bkp4.jpg>
Package pdftex.def Info: images/backup/bkp4.jpg  used on input line 376.
(pdftex.def)             Requested size: 307.28987pt x 230.46593pt.

Overfull \vbox (27.65889pt too high) detected at line 376
 []

[44

 <./images/backup/bkp4.jpg>]
<images/backup/bkp5.jpg, id=761, 4625.28pt x 3468.96pt>
File: images/backup/bkp5.jpg Graphic file (type jpg)
<use images/backup/bkp5.jpg>
Package pdftex.def Info: images/backup/bkp5.jpg  used on input line 386.
(pdftex.def)             Requested size: 307.28987pt x 230.46593pt.

Overfull \vbox (27.65889pt too high) detected at line 386
 []

[45

 <./images/backup/bkp5.jpg>]
<images/backup/bkp6.jpg, id=768, 4625.28pt x 3468.96pt>
File: images/backup/bkp6.jpg Graphic file (type jpg)
<use images/backup/bkp6.jpg>
Package pdftex.def Info: images/backup/bkp6.jpg  used on input line 397.
(pdftex.def)             Requested size: 307.28987pt x 230.46593pt.

Overfull \vbox (27.65889pt too high) detected at line 397
 []

[46

 <./images/backup/bkp6.jpg>]
<images/backup/bkp7.jpg, id=775, 4625.28pt x 3468.96pt>
File: images/backup/bkp7.jpg Graphic file (type jpg)
<use images/backup/bkp7.jpg>
Package pdftex.def Info: images/backup/bkp7.jpg  used on input line 407.
(pdftex.def)             Requested size: 307.28987pt x 230.46593pt.

Overfull \vbox (27.65889pt too high) detected at line 407
 []

[47

 <./images/backup/bkp7.jpg>]
<images/backup/bkp8.jpg, id=782, 4625.28pt x 3468.96pt>
File: images/backup/bkp8.jpg Graphic file (type jpg)
<use images/backup/bkp8.jpg>
Package pdftex.def Info: images/backup/bkp8.jpg  used on input line 417.
(pdftex.def)             Requested size: 307.28987pt x 230.46593pt.

Overfull \vbox (27.65889pt too high) detected at line 417
 []

[48

 <./images/backup/bkp8.jpg>]
<images/backup/bkp9.jpg, id=789, 4625.28pt x 3468.96pt>
File: images/backup/bkp9.jpg Graphic file (type jpg)
<use images/backup/bkp9.jpg>
Package pdftex.def Info: images/backup/bkp9.jpg  used on input line 427.
(pdftex.def)             Requested size: 307.28987pt x 230.46593pt.

Overfull \vbox (27.65889pt too high) detected at line 427
 []

[49

 <./images/backup/bkp9.jpg>]
<images/backup/bkp10.jpg, id=797, 4625.28pt x 3468.96pt>
File: images/backup/bkp10.jpg Graphic file (type jpg)
<use images/backup/bkp10.jpg>
Package pdftex.def Info: images/backup/bkp10.jpg  used on input line 436.
(pdftex.def)             Requested size: 307.28987pt x 230.46593pt.

Overfull \vbox (27.65889pt too high) detected at line 436
 []

[50

 <./images/backup/bkp10.jpg>]
<images/backup/bkp11.jpg, id=804, 4625.28pt x 3468.96pt>
File: images/backup/bkp11.jpg Graphic file (type jpg)
<use images/backup/bkp11.jpg>
Package pdftex.def Info: images/backup/bkp11.jpg  used on input line 445.
(pdftex.def)             Requested size: 307.28987pt x 230.46593pt.

Overfull \vbox (27.65889pt too high) detected at line 445
 []

[51

 <./images/backup/bkp11.jpg>]
<images/backup/bkp12.jpg, id=811, 4625.28pt x 3468.96pt>
File: images/backup/bkp12.jpg Graphic file (type jpg)
<use images/backup/bkp12.jpg>
Package pdftex.def Info: images/backup/bkp12.jpg  used on input line 454.
(pdftex.def)             Requested size: 307.28987pt x 230.46593pt.

Overfull \vbox (27.65889pt too high) detected at line 454
 []

[52

 <./images/backup/bkp12.jpg>]
<images/backup/bkp13.jpg, id=818, 4625.28pt x 3468.96pt>
File: images/backup/bkp13.jpg Graphic file (type jpg)
<use images/backup/bkp13.jpg>
Package pdftex.def Info: images/backup/bkp13.jpg  used on input line 464.
(pdftex.def)             Requested size: 307.28987pt x 230.46593pt.

Overfull \vbox (27.65889pt too high) detected at line 464
 []

[53

 <./images/backup/bkp13.jpg>]
<images/backup/bkp14.jpg, id=826, 4625.28pt x 3468.96pt>
File: images/backup/bkp14.jpg Graphic file (type jpg)
<use images/backup/bkp14.jpg>
Package pdftex.def Info: images/backup/bkp14.jpg  used on input line 473.
(pdftex.def)             Requested size: 307.28987pt x 230.46593pt.

Overfull \vbox (27.65889pt too high) detected at line 473
 []

[54

 <./images/backup/bkp14.jpg>]
<images/backup/bkp15.jpg, id=833, 4625.28pt x 3468.96pt>
File: images/backup/bkp15.jpg Graphic file (type jpg)
<use images/backup/bkp15.jpg>
Package pdftex.def Info: images/backup/bkp15.jpg  used on input line 481.
(pdftex.def)             Requested size: 307.28987pt x 230.46593pt.

Overfull \vbox (27.65889pt too high) detected at line 481
 []

[55

 <./images/backup/bkp15.jpg>]
<images/backup/bkp16.jpg, id=841, 4625.28pt x 3468.96pt>
File: images/backup/bkp16.jpg Graphic file (type jpg)
<use images/backup/bkp16.jpg>
Package pdftex.def Info: images/backup/bkp16.jpg  used on input line 489.
(pdftex.def)             Requested size: 307.28987pt x 230.46593pt.

Overfull \vbox (27.65889pt too high) detected at line 489
 []

[56

 <./images/backup/bkp16.jpg>]
<images/backup/bkp17.jpg, id=848, 4625.28pt x 3468.96pt>
File: images/backup/bkp17.jpg Graphic file (type jpg)
<use images/backup/bkp17.jpg>
Package pdftex.def Info: images/backup/bkp17.jpg  used on input line 497.
(pdftex.def)             Requested size: 307.28987pt x 230.46593pt.

Overfull \vbox (27.65889pt too high) detected at line 497
 []

[57

 <./images/backup/bkp17.jpg>]
<images/backup/bkp18.jpg, id=855, 4625.28pt x 3468.96pt>
File: images/backup/bkp18.jpg Graphic file (type jpg)
<use images/backup/bkp18.jpg>
Package pdftex.def Info: images/backup/bkp18.jpg  used on input line 506.
(pdftex.def)             Requested size: 307.28987pt x 230.46593pt.

Overfull \vbox (27.65889pt too high) detected at line 506
 []

[58

 <./images/backup/bkp18.jpg>]
<images/backup/bkp19.jpg, id=862, 4625.28pt x 3468.96pt>
File: images/backup/bkp19.jpg Graphic file (type jpg)
<use images/backup/bkp19.jpg>
Package pdftex.def Info: images/backup/bkp19.jpg  used on input line 515.
(pdftex.def)             Requested size: 307.28987pt x 230.46593pt.

Overfull \vbox (27.65889pt too high) detected at line 515
 []

[59

 <./images/backup/bkp19.jpg>]
<images/backup/bkp20.jpg, id=869, 4625.28pt x 3468.96pt>
File: images/backup/bkp20.jpg Graphic file (type jpg)
<use images/backup/bkp20.jpg>
Package pdftex.def Info: images/backup/bkp20.jpg  used on input line 524.
(pdftex.def)             Requested size: 307.28987pt x 230.46593pt.

Overfull \vbox (27.65889pt too high) detected at line 524
 []

[60

 <./images/backup/bkp20.jpg>]
<images/backup/bkp21.jpg, id=876, 4625.28pt x 3468.96pt>
File: images/backup/bkp21.jpg Graphic file (type jpg)
<use images/backup/bkp21.jpg>
Package pdftex.def Info: images/backup/bkp21.jpg  used on input line 532.
(pdftex.def)             Requested size: 307.28987pt x 230.46593pt.

Overfull \vbox (27.65889pt too high) detected at line 532
 []

[61

 <./images/backup/bkp21.jpg>]
<images/backup/bkp22.jpg, id=884, 4625.28pt x 3468.96pt>
File: images/backup/bkp22.jpg Graphic file (type jpg)
<use images/backup/bkp22.jpg>
Package pdftex.def Info: images/backup/bkp22.jpg  used on input line 540.
(pdftex.def)             Requested size: 307.28987pt x 230.46593pt.

Overfull \vbox (27.65889pt too high) detected at line 540
 []

[62

 <./images/backup/bkp22.jpg>]
<images/backup/bkp23.jpg, id=891, 4625.28pt x 3468.96pt>
File: images/backup/bkp23.jpg Graphic file (type jpg)
<use images/backup/bkp23.jpg>
Package pdftex.def Info: images/backup/bkp23.jpg  used on input line 548.
(pdftex.def)             Requested size: 307.28987pt x 230.46593pt.

Overfull \vbox (27.65889pt too high) detected at line 548
 []

[63

 <./images/backup/bkp23.jpg>]
<images/backup/bkp24.jpg, id=898, 4625.28pt x 3468.96pt>
File: images/backup/bkp24.jpg Graphic file (type jpg)
<use images/backup/bkp24.jpg>
Package pdftex.def Info: images/backup/bkp24.jpg  used on input line 557.
(pdftex.def)             Requested size: 307.28987pt x 230.46593pt.

Overfull \vbox (27.65889pt too high) detected at line 557
 []

[64

 <./images/backup/bkp24.jpg>]
<images/backup/bkp25.jpg, id=905, 4625.28pt x 3468.96pt>
File: images/backup/bkp25.jpg Graphic file (type jpg)
<use images/backup/bkp25.jpg>
Package pdftex.def Info: images/backup/bkp25.jpg  used on input line 566.
(pdftex.def)             Requested size: 307.28987pt x 230.46593pt.

Overfull \vbox (27.65889pt too high) detected at line 566
 []

[65

 <./images/backup/bkp25.jpg>]
<images/backup/bkp26.jpg, id=912, 3979.86874pt x 2334.7225pt>
File: images/backup/bkp26.jpg Graphic file (type jpg)
<use images/backup/bkp26.jpg>
Package pdftex.def Info: images/backup/bkp26.jpg  used on input line 575.
(pdftex.def)             Requested size: 338.02072pt x 198.28847pt.

Overfull \hbox (30.73085pt too wide) in paragraph at lines 575--575
 [] 
 []

[66

 <./images/backup/bkp26.jpg>]
<images/backup/bkp27.jpg, id=919, 4625.28pt x 3468.96pt>
File: images/backup/bkp27.jpg Graphic file (type jpg)
<use images/backup/bkp27.jpg>
Package pdftex.def Info: images/backup/bkp27.jpg  used on input line 584.
(pdftex.def)             Requested size: 307.28987pt x 230.46593pt.

Overfull \vbox (27.65889pt too high) detected at line 584
 []

[67

 <./images/backup/bkp27.jpg>]
<images/backup/bkp28.jpg, id=927, 4625.28pt x 3468.96pt>
File: images/backup/bkp28.jpg Graphic file (type jpg)
<use images/backup/bkp28.jpg>
Package pdftex.def Info: images/backup/bkp28.jpg  used on input line 593.
(pdftex.def)             Requested size: 307.28987pt x 230.46593pt.

Overfull \vbox (27.65889pt too high) detected at line 593
 []

[68

 <./images/backup/bkp28.jpg>]
<images/backup/bkp29.jpg, id=934, 4625.28pt x 3468.96pt>
File: images/backup/bkp29.jpg Graphic file (type jpg)
<use images/backup/bkp29.jpg>
Package pdftex.def Info: images/backup/bkp29.jpg  used on input line 603.
(pdftex.def)             Requested size: 307.28987pt x 230.46593pt.

Overfull \vbox (27.65889pt too high) detected at line 603
 []

[69

 <./images/backup/bkp29.jpg>]
<images/backup/bkp30.jpg, id=941, 4625.28pt x 3468.96pt>
File: images/backup/bkp30.jpg Graphic file (type jpg)
<use images/backup/bkp30.jpg>
Package pdftex.def Info: images/backup/bkp30.jpg  used on input line 613.
(pdftex.def)             Requested size: 307.28987pt x 230.46593pt.

Overfull \vbox (27.65889pt too high) detected at line 613
 []

[70

 <./images/backup/bkp30.jpg>]
<images/backup/bkp31.jpg, id=948, 4625.28pt x 3468.96pt>
File: images/backup/bkp31.jpg Graphic file (type jpg)
<use images/backup/bkp31.jpg>
Package pdftex.def Info: images/backup/bkp31.jpg  used on input line 623.
(pdftex.def)             Requested size: 307.28987pt x 230.46593pt.

Overfull \vbox (27.65889pt too high) detected at line 623
 []

[71

 <./images/backup/bkp31.jpg>]
<images/backup/bkp32.jpg, id=955, 4625.28pt x 3468.96pt>
File: images/backup/bkp32.jpg Graphic file (type jpg)
<use images/backup/bkp32.jpg>
Package pdftex.def Info: images/backup/bkp32.jpg  used on input line 632.
(pdftex.def)             Requested size: 307.28987pt x 230.46593pt.

Overfull \vbox (27.65889pt too high) detected at line 632
 []

[72

 <./images/backup/bkp32.jpg>] (./exemple.toc)
Overfull \vbox (1.48788pt too high) has occurred while \output is active []


[73

 <./ft.png>]
Overfull \vbox (1.48788pt too high) has occurred while \output is active []


[74

 <./ft.png>]
Overfull \vbox (1.48788pt too high) has occurred while \output is active []


[75

 <./ft.png>]
Overfull \vbox (1.48788pt too high) has occurred while \output is active []


[76

 <./ft.png>]
Overfull \vbox (1.48788pt too high) has occurred while \output is active []


[77

 <./ft.png>]
Overfull \vbox (1.48788pt too high) has occurred while \output is active []


[78

 <./ft.png>]
File: images/backup/bkp1.jpg Graphic file (type jpg)
<use images/backup/bkp1.jpg>
Package pdftex.def Info: images/backup/bkp1.jpg  used on input line 661.
(pdftex.def)             Requested size: 307.28987pt x 230.46593pt.

Overfull \vbox (27.65889pt too high) detected at line 661
 []

[79

]
File: images/backup/bkp2.jpg Graphic file (type jpg)
<use images/backup/bkp2.jpg>
Package pdftex.def Info: images/backup/bkp2.jpg  used on input line 671.
(pdftex.def)             Requested size: 307.28987pt x 230.46593pt.

Overfull \vbox (27.65889pt too high) detected at line 671
 []

[80

]
File: images/backup/bkp3.jpg Graphic file (type jpg)
<use images/backup/bkp3.jpg>
Package pdftex.def Info: images/backup/bkp3.jpg  used on input line 681.
(pdftex.def)             Requested size: 307.28987pt x 230.46593pt.

Overfull \vbox (27.65889pt too high) detected at line 681
 []

[81

]
File: images/backup/bkp4.jpg Graphic file (type jpg)
<use images/backup/bkp4.jpg>
Package pdftex.def Info: images/backup/bkp4.jpg  used on input line 691.
(pdftex.def)             Requested size: 307.28987pt x 230.46593pt.

Overfull \vbox (27.65889pt too high) detected at line 691
 []

[82

]
File: images/backup/bkp5.jpg Graphic file (type jpg)
<use images/backup/bkp5.jpg>
Package pdftex.def Info: images/backup/bkp5.jpg  used on input line 701.
(pdftex.def)             Requested size: 307.28987pt x 230.46593pt.

Overfull \vbox (27.65889pt too high) detected at line 701
 []

[83

]
File: images/backup/bkp5.jpg Graphic file (type jpg)
<use images/backup/bkp5.jpg>
Package pdftex.def Info: images/backup/bkp5.jpg  used on input line 711.
(pdftex.def)             Requested size: 307.28987pt x 230.46593pt.

Overfull \vbox (27.65889pt too high) detected at line 711
 []

[84

]
File: images/backup/bkp6.jpg Graphic file (type jpg)
<use images/backup/bkp6.jpg>
Package pdftex.def Info: images/backup/bkp6.jpg  used on input line 723.
(pdftex.def)             Requested size: 307.28987pt x 230.46593pt.

Overfull \vbox (27.65889pt too high) detected at line 723
 []

[85

]
File: images/backup/bkp7.jpg Graphic file (type jpg)
<use images/backup/bkp7.jpg>
Package pdftex.def Info: images/backup/bkp7.jpg  used on input line 733.
(pdftex.def)             Requested size: 307.28987pt x 230.46593pt.

Overfull \vbox (27.65889pt too high) detected at line 733
 []

[86

]
File: images/backup/bkp8.jpg Graphic file (type jpg)
<use images/backup/bkp8.jpg>
Package pdftex.def Info: images/backup/bkp8.jpg  used on input line 743.
(pdftex.def)             Requested size: 307.28987pt x 230.46593pt.

Overfull \vbox (27.65889pt too high) detected at line 743
 []

[87

]
File: images/backup/bkp9.jpg Graphic file (type jpg)
<use images/backup/bkp9.jpg>
Package pdftex.def Info: images/backup/bkp9.jpg  used on input line 753.
(pdftex.def)             Requested size: 307.28987pt x 230.46593pt.

Overfull \vbox (27.65889pt too high) detected at line 753
 []

[88

]
File: images/backup/bkp10.jpg Graphic file (type jpg)
<use images/backup/bkp10.jpg>
Package pdftex.def Info: images/backup/bkp10.jpg  used on input line 762.
(pdftex.def)             Requested size: 307.28987pt x 230.46593pt.

Overfull \vbox (27.65889pt too high) detected at line 762
 []

[89

]
<images/rest/res1.jpg, id=1137, 4625.28pt x 3468.96pt>
File: images/rest/res1.jpg Graphic file (type jpg)
<use images/rest/res1.jpg>
Package pdftex.def Info: images/rest/res1.jpg  used on input line 770.
(pdftex.def)             Requested size: 307.28987pt x 230.46593pt.

Overfull \vbox (1.65889pt too high) detected at line 770
 []

[90

 <./images/rest/res1.jpg>]
<images/rest/res2.jpg, id=1144, 4625.28pt x 3468.96pt>
File: images/rest/res2.jpg Graphic file (type jpg)
<use images/rest/res2.jpg>
Package pdftex.def Info: images/rest/res2.jpg  used on input line 778.
(pdftex.def)             Requested size: 307.28987pt x 230.46593pt.

Overfull \vbox (1.65889pt too high) detected at line 778
 []

[91

 <./images/rest/res2.jpg>]
<images/rest/res3.jpg, id=1152, 4625.28pt x 3468.96pt>
File: images/rest/res3.jpg Graphic file (type jpg)
<use images/rest/res3.jpg>
Package pdftex.def Info: images/rest/res3.jpg  used on input line 788.
(pdftex.def)             Requested size: 307.28987pt x 230.46593pt.

Overfull \vbox (27.65889pt too high) detected at line 788
 []

[92

 <./images/rest/res3.jpg>]
<images/rest/res4.jpg, id=1159, 4625.28pt x 3468.96pt>
File: images/rest/res4.jpg Graphic file (type jpg)
<use images/rest/res4.jpg>
Package pdftex.def Info: images/rest/res4.jpg  used on input line 797.
(pdftex.def)             Requested size: 307.28987pt x 230.46593pt.

Overfull \vbox (27.65889pt too high) detected at line 797
 []

[93

 <./images/rest/res4.jpg>]
<images/rest/res5.jpg, id=1166, 4625.28pt x 3468.96pt>
File: images/rest/res5.jpg Graphic file (type jpg)
<use images/rest/res5.jpg>
Package pdftex.def Info: images/rest/res5.jpg  used on input line 807.
(pdftex.def)             Requested size: 307.28987pt x 230.46593pt.

Overfull \vbox (27.65889pt too high) detected at line 807
 []

[94

 <./images/rest/res5.jpg>]
<images/rest/res6.jpg, id=1173, 4625.28pt x 3468.96pt>
File: images/rest/res6.jpg Graphic file (type jpg)
<use images/rest/res6.jpg>
Package pdftex.def Info: images/rest/res6.jpg  used on input line 816.
(pdftex.def)             Requested size: 307.28987pt x 230.46593pt.

Overfull \vbox (27.65889pt too high) detected at line 816
 []

[95

 <./images/rest/res6.jpg>]
<images/rest/res7.jpg, id=1180, 4625.28pt x 3468.96pt>
File: images/rest/res7.jpg Graphic file (type jpg)
<use images/rest/res7.jpg>
Package pdftex.def Info: images/rest/res7.jpg  used on input line 826.
(pdftex.def)             Requested size: 307.28987pt x 230.46593pt.

Overfull \vbox (27.65889pt too high) detected at line 826
 []

[96

 <./images/rest/res7.jpg>]
<images/rest/res8.jpg, id=1187, 4625.28pt x 3468.96pt>
File: images/rest/res8.jpg Graphic file (type jpg)
<use images/rest/res8.jpg>
Package pdftex.def Info: images/rest/res8.jpg  used on input line 836.
(pdftex.def)             Requested size: 307.28987pt x 230.46593pt.

Overfull \vbox (27.65889pt too high) detected at line 836
 []

[97

 <./images/rest/res8.jpg>]
<images/rest/res9.jpg, id=1195, 4625.28pt x 3468.96pt>
File: images/rest/res9.jpg Graphic file (type jpg)
<use images/rest/res9.jpg>
Package pdftex.def Info: images/rest/res9.jpg  used on input line 845.
(pdftex.def)             Requested size: 307.28987pt x 230.46593pt.

Overfull \vbox (27.65889pt too high) detected at line 845
 []

[98

 <./images/rest/res9.jpg>]
<images/rest/res10.jpg, id=1202, 4625.28pt x 3468.96pt>
File: images/rest/res10.jpg Graphic file (type jpg)
<use images/rest/res10.jpg>
Package pdftex.def Info: images/rest/res10.jpg  used on input line 855.
(pdftex.def)             Requested size: 307.28987pt x 230.46593pt.

Overfull \vbox (27.65889pt too high) detected at line 855
 []

[99

 <./images/rest/res10.jpg>]
<images/rest/res11.jpg, id=1209, 4625.28pt x 3468.96pt>
File: images/rest/res11.jpg Graphic file (type jpg)
<use images/rest/res11.jpg>
Package pdftex.def Info: images/rest/res11.jpg  used on input line 865.
(pdftex.def)             Requested size: 307.28987pt x 230.46593pt.

Overfull \vbox (27.65889pt too high) detected at line 865
 []

[100

 <./images/rest/res11.jpg>]
<images/rest/res12.jpg, id=1216, 4625.28pt x 3468.96pt>
File: images/rest/res12.jpg Graphic file (type jpg)
<use images/rest/res12.jpg>
Package pdftex.def Info: images/rest/res12.jpg  used on input line 874.
(pdftex.def)             Requested size: 307.28987pt x 230.46593pt.

Overfull \vbox (27.65889pt too high) detected at line 874
 []

[101

 <./images/rest/res12.jpg>]
<images/rest/res13.jpg, id=1224, 4625.28pt x 3468.96pt>
File: images/rest/res13.jpg Graphic file (type jpg)
<use images/rest/res13.jpg>
Package pdftex.def Info: images/rest/res13.jpg  used on input line 883.
(pdftex.def)             Requested size: 307.28987pt x 230.46593pt.

Overfull \vbox (27.65889pt too high) detected at line 883
 []

[102

 <./images/rest/res13.jpg>]
<images/rest/res14.jpg, id=1231, 4625.28pt x 3468.96pt>
File: images/rest/res14.jpg Graphic file (type jpg)
<use images/rest/res14.jpg>
Package pdftex.def Info: images/rest/res14.jpg  used on input line 892.
(pdftex.def)             Requested size: 307.28987pt x 230.46593pt.

Overfull \vbox (27.65889pt too high) detected at line 892
 []

[103

 <./images/rest/res14.jpg>]
<images/rest/res15.jpg, id=1239, 4625.28pt x 3468.96pt>
File: images/rest/res15.jpg Graphic file (type jpg)
<use images/rest/res15.jpg>
Package pdftex.def Info: images/rest/res15.jpg  used on input line 902.
(pdftex.def)             Requested size: 307.28987pt x 230.46593pt.

Overfull \vbox (27.65889pt too high) detected at line 902
 []

[104

 <./images/rest/res15.jpg>]
<images/rest/res16.jpg, id=1246, 4625.28pt x 3468.96pt>
File: images/rest/res16.jpg Graphic file (type jpg)
<use images/rest/res16.jpg>
Package pdftex.def Info: images/rest/res16.jpg  used on input line 911.
(pdftex.def)             Requested size: 307.28987pt x 230.46593pt.

Overfull \vbox (27.65889pt too high) detected at line 911
 []

[105

 <./images/rest/res16.jpg>]
<images/rest/res17.jpg, id=1253, 4625.28pt x 3468.96pt>
File: images/rest/res17.jpg Graphic file (type jpg)
<use images/rest/res17.jpg>
Package pdftex.def Info: images/rest/res17.jpg  used on input line 921.
(pdftex.def)             Requested size: 307.28987pt x 230.46593pt.

Overfull \vbox (27.65889pt too high) detected at line 921
 []

[106

 <./images/rest/res17.jpg>]
<images/rest/res18.jpg, id=1260, 4625.28pt x 3468.96pt>
File: images/rest/res18.jpg Graphic file (type jpg)
<use images/rest/res18.jpg>
Package pdftex.def Info: images/rest/res18.jpg  used on input line 930.
(pdftex.def)             Requested size: 307.28987pt x 230.46593pt.

Overfull \vbox (27.65889pt too high) detected at line 930
 []

[107

 <./images/rest/res18.jpg>]
<images/rest/res19.jpg, id=1267, 4625.28pt x 3468.96pt>
File: images/rest/res19.jpg Graphic file (type jpg)
<use images/rest/res19.jpg>
Package pdftex.def Info: images/rest/res19.jpg  used on input line 939.
(pdftex.def)             Requested size: 307.28987pt x 230.46593pt.

Overfull \vbox (27.65889pt too high) detected at line 939
 []

[108

 <./images/rest/res19.jpg>]
<images/rest/res20.jpg, id=1274, 4625.28pt x 3468.96pt>
File: images/rest/res20.jpg Graphic file (type jpg)
<use images/rest/res20.jpg>
Package pdftex.def Info: images/rest/res20.jpg  used on input line 948.
(pdftex.def)             Requested size: 307.28987pt x 230.46593pt.

Overfull \vbox (27.65889pt too high) detected at line 948
 []

[109

 <./images/rest/res20.jpg>]
<images/rest/res21.jpg, id=1282, 4625.28pt x 3468.96pt>
File: images/rest/res21.jpg Graphic file (type jpg)
<use images/rest/res21.jpg>
Package pdftex.def Info: images/rest/res21.jpg  used on input line 957.
(pdftex.def)             Requested size: 307.28987pt x 230.46593pt.

Overfull \vbox (27.65889pt too high) detected at line 957
 []

[110

 <./images/rest/res21.jpg>]
<images/rest/res22.jpg, id=1289, 4625.28pt x 3468.96pt>
File: images/rest/res22.jpg Graphic file (type jpg)
<use images/rest/res22.jpg>
Package pdftex.def Info: images/rest/res22.jpg  used on input line 966.
(pdftex.def)             Requested size: 307.28987pt x 230.46593pt.

Overfull \vbox (27.65889pt too high) detected at line 966
 []

[111

 <./images/rest/res22.jpg>]

Package hyperref Warning: Token not allowed in a PDF string (PDFDocEncoding):
(hyperref)                removing `\translate ' on input line 969.

[112

 <./ft_background_f.png>]
\tf@nav=\write6
\openout6 = `exemple.nav'.

\tf@toc=\write7
\openout7 = `exemple.toc'.

\tf@snm=\write8
\openout8 = `exemple.snm'.

Package atveryend Info: Empty hook `BeforeClearDocument' on input line 993.
Package atveryend Info: Empty hook `AfterLastShipout' on input line 993.
 (./exemple.aux)
Package atveryend Info: Executing hook `AtVeryEndDocument' on input line 993.
Package atveryend Info: Executing hook `AtEndAfterFileList' on input line 993.
Package rerunfilecheck Info: File `exemple.out' has not changed.
(rerunfilecheck)             Checksum: B4A4F0E57E172D035CFFE0D59C5FB553;844.
 ) 
Here is how much of TeX's memory you used:
 20046 strings out of 492982
 370485 string characters out of 6134896
 437490 words of memory out of 5000000
 22846 multiletter control sequences out of 15000+600000
 21051 words of font info for 49 fonts, out of 8000000 for 9000
 1141 hyphenation exceptions out of 8191
 48i,19n,53p,798b,616s stack positions out of 5000i,500n,10000p,200000b,80000s
 </home/echoes/.texlive2017/texmf-var/fonts/pk/ljfour/jknappen/ec/ecsx1000.60
0pk> </home/echoes/.texlive2017/texmf-var/fonts/pk/ljfour/jknappen/ec/ecsx2488.
600pk> </home/echoes/.texlive2017/texmf-var/fonts/pk/ljfour/jknappen/ec/ecss120
0.600pk> </home/echoes/.texlive2017/texmf-var/fonts/pk/ljfour/jknappen/ec/ecss0
900.600pk> </home/echoes/.texlive2017/texmf-var/fonts/pk/ljfour/jknappen/ec/ecs
s0800.600pk> </home/echoes/.texlive2017/texmf-var/fonts/pk/ljfour/jknappen/ec/e
css1000.600pk> </home/echoes/.texlive2017/texmf-var/fonts/pk/ljfour/jknappen/ec
/ecss1095.600pk> </home/echoes/.texlive2017/texmf-var/fonts/pk/ljfour/jknappen/
ec/ecss1440.600pk> </home/echoes/.texlive2017/texmf-var/fonts/pk/ljfour/jknappe
n/ec/ecsx0900.600pk> </home/echoes/.texlive2017/texmf-var/fonts/pk/ljfour/jknap
pen/ec/ecss0600.600pk></usr/share/texlive/texmf-dist/fonts/type1/public/amsfont
s/cm/cmsy10.pfb>
Output written on exemple.pdf (112 pages, 41824940 bytes).
PDF statistics:
 1755 PDF objects out of 2073 (max. 8388607)
 1095 compressed objects within 11 object streams
 237 named destinations out of 1000 (max. 500000)
 702 words of extra memory for PDF output out of 10000 (max. 10000000)

